The system is: Linux - 4.4.0-194-generic - x86_64
Compiling the C compiler identification source file "CMakeCCompilerId.c" succeeded.
Compiler: /home/swann/SDK/IMX_283A/CrossCompile/gcc-4.4.4-glibc-2.11.1-multilib-1.0/arm-fsl-linux-gnueabi/bin/arm-fsl-linux-gnueabi-gcc 
Build flags: 
Id flags: 

The output was:
0


Compilation of the C compiler identification source "CMakeCCompilerId.c" produced "a.out"

The C compiler identification is GNU, found in "/home/swann/SDK/X86/LiteCV/example/face_dec/SeetaFace2/BuildARM/CMakeFiles/3.5.1/CompilerIdC/a.out"

Compiling the CXX compiler identification source file "CMakeCXXCompilerId.cpp" succeeded.
Compiler: /home/swann/SDK/IMX_283A/CrossCompile/gcc-4.4.4-glibc-2.11.1-multilib-1.0/arm-fsl-linux-gnueabi/bin/arm-fsl-linux-gnueabi-g++ 
Build flags: 
Id flags: 

The output was:
0


Compilation of the CXX compiler identification source "CMakeCXXCompilerId.cpp" produced "a.out"

The CXX compiler identification is GNU, found in "/home/swann/SDK/X86/LiteCV/example/face_dec/SeetaFace2/BuildARM/CMakeFiles/3.5.1/CompilerIdCXX/a.out"

Determining if the C compiler works passed with the following output:
Change Dir: /home/swann/SDK/X86/LiteCV/example/face_dec/SeetaFace2/BuildARM/CMakeFiles/CMakeTmp

Run Build Command:"/usr/bin/make" "cmTC_a3a99/fast"
/usr/bin/make -f CMakeFiles/cmTC_a3a99.dir/build.make CMakeFiles/cmTC_a3a99.dir/build
make[1]: Entering directory '/home/swann/SDK/X86/LiteCV/example/face_dec/SeetaFace2/BuildARM/CMakeFiles/CMakeTmp'
Building C object CMakeFiles/cmTC_a3a99.dir/testCCompiler.c.o
/home/swann/SDK/IMX_283A/CrossCompile/gcc-4.4.4-glibc-2.11.1-multilib-1.0/arm-fsl-linux-gnueabi/bin/arm-fsl-linux-gnueabi-gcc     -o CMakeFiles/cmTC_a3a99.dir/testCCompiler.c.o   -c /home/swann/SDK/X86/LiteCV/example/face_dec/SeetaFace2/BuildARM/CMakeFiles/CMakeTmp/testCCompiler.c
Linking C executable cmTC_a3a99
/usr/bin/cmake -E cmake_link_script CMakeFiles/cmTC_a3a99.dir/link.txt --verbose=1
/home/swann/SDK/IMX_283A/CrossCompile/gcc-4.4.4-glibc-2.11.1-multilib-1.0/arm-fsl-linux-gnueabi/bin/arm-fsl-linux-gnueabi-gcc       CMakeFiles/cmTC_a3a99.dir/testCCompiler.c.o  -o cmTC_a3a99 -rdynamic 
make[1]: Leaving directory '/home/swann/SDK/X86/LiteCV/example/face_dec/SeetaFace2/BuildARM/CMakeFiles/CMakeTmp'


Detecting C compiler ABI info compiled with the following output:
Change Dir: /home/swann/SDK/X86/LiteCV/example/face_dec/SeetaFace2/BuildARM/CMakeFiles/CMakeTmp

Run Build Command:"/usr/bin/make" "cmTC_a1e67/fast"
/usr/bin/make -f CMakeFiles/cmTC_a1e67.dir/build.make CMakeFiles/cmTC_a1e67.dir/build
make[1]: Entering directory '/home/swann/SDK/X86/LiteCV/example/face_dec/SeetaFace2/BuildARM/CMakeFiles/CMakeTmp'
Building C object CMakeFiles/cmTC_a1e67.dir/CMakeCCompilerABI.c.o
/home/swann/SDK/IMX_283A/CrossCompile/gcc-4.4.4-glibc-2.11.1-multilib-1.0/arm-fsl-linux-gnueabi/bin/arm-fsl-linux-gnueabi-gcc     -o CMakeFiles/cmTC_a1e67.dir/CMakeCCompilerABI.c.o   -c /usr/share/cmake-3.5/Modules/CMakeCCompilerABI.c
Linking C executable cmTC_a1e67
/usr/bin/cmake -E cmake_link_script CMakeFiles/cmTC_a1e67.dir/link.txt --verbose=1
/home/swann/SDK/IMX_283A/CrossCompile/gcc-4.4.4-glibc-2.11.1-multilib-1.0/arm-fsl-linux-gnueabi/bin/arm-fsl-linux-gnueabi-gcc      -v CMakeFiles/cmTC_a1e67.dir/CMakeCCompilerABI.c.o  -o cmTC_a1e67 -rdynamic  
Using built-in specs.
Target: arm-fsl-linux-gnueabi
Configured with: /work/arm-toolchains/tmp/src/gcc-4.4.4/configure --build=i686-build_pc-linux-gnu --host=i686-build_pc-linux-gnu --target=arm-fsl-linux-gnueabi --prefix=/work/arm_fsl_gcc_4.4.4_multilib --with-sysroot=/work/arm_fsl_gcc_4.4.4_multilib/arm-fsl-linux-gnueabi/multi-libs --enable-languages=c,c++ --with-pkgversion=4.4.4_09.06.2010 --enable-__cxa_atexit --disable-libmudflap --with-host-libstdcxx='-static-libgcc -Wl,-Bstatic,-lstdc++,-Bdynamic -lm' --with-gmp=/work/arm-toolchains/tmp/arm-fsl-linux-gnueabi/build/static --with-mpfr=/work/arm-toolchains/tmp/arm-fsl-linux-gnueabi/build/static --with-ppl=/work/arm-toolchains/tmp/arm-fsl-linux-gnueabi/build/static --with-cloog=/work/arm-toolchains/tmp/arm-fsl-linux-gnueabi/build/static --enable-threads=posix --enable-target-optspace --with-local-prefix=/work/arm_fsl_gcc_4.4.4_multilib/arm-fsl-linux-gnueabi/multi-libs --disable-nls --enable-symvers=gnu --enable-c99 --enable-long-long --enable-multilib --with-system-zlib --enable-lto
Thread model: posix
gcc version 4.4.4 (4.4.4_09.06.2010) 
COMPILER_PATH=/home/swann/SDK/IMX_283A/CrossCompile/gcc-4.4.4-glibc-2.11.1-multilib-1.0/arm-fsl-linux-gnueabi/bin/../libexec/gcc/arm-fsl-linux-gnueabi/4.4.4/:/home/swann/SDK/IMX_283A/CrossCompile/gcc-4.4.4-glibc-2.11.1-multilib-1.0/arm-fsl-linux-gnueabi/bin/../libexec/gcc/:/home/swann/SDK/IMX_283A/CrossCompile/gcc-4.4.4-glibc-2.11.1-multilib-1.0/arm-fsl-linux-gnueabi/bin/../lib/gcc/arm-fsl-linux-gnueabi/4.4.4/../../../../arm-fsl-linux-gnueabi/bin/
LIBRARY_PATH=/home/swann/SDK/IMX_283A/CrossCompile/gcc-4.4.4-glibc-2.11.1-multilib-1.0/arm-fsl-linux-gnueabi/bin/../lib/gcc/arm-fsl-linux-gnueabi/4.4.4/:/home/swann/SDK/IMX_283A/CrossCompile/gcc-4.4.4-glibc-2.11.1-multilib-1.0/arm-fsl-linux-gnueabi/bin/../lib/gcc/:/home/swann/SDK/IMX_283A/CrossCompile/gcc-4.4.4-glibc-2.11.1-multilib-1.0/arm-fsl-linux-gnueabi/bin/../arm-fsl-linux-gnueabi/multi-libs/lib/:/home/swann/SDK/IMX_283A/CrossCompile/gcc-4.4.4-glibc-2.11.1-multilib-1.0/arm-fsl-linux-gnueabi/bin/../arm-fsl-linux-gnueabi/multi-libs/usr/lib/
COLLECT_GCC_OPTIONS='-v' '-o' 'cmTC_a1e67' '-rdynamic'
 /home/swann/SDK/IMX_283A/CrossCompile/gcc-4.4.4-glibc-2.11.1-multilib-1.0/arm-fsl-linux-gnueabi/bin/../libexec/gcc/arm-fsl-linux-gnueabi/4.4.4/collect2 --sysroot=/home/swann/SDK/IMX_283A/CrossCompile/gcc-4.4.4-glibc-2.11.1-multilib-1.0/arm-fsl-linux-gnueabi/bin/../arm-fsl-linux-gnueabi/multi-libs --eh-frame-hdr -export-dynamic -dynamic-linker /lib/ld-linux.so.3 -X -m armelf_linux_eabi -o cmTC_a1e67 /home/swann/SDK/IMX_283A/CrossCompile/gcc-4.4.4-glibc-2.11.1-multilib-1.0/arm-fsl-linux-gnueabi/bin/../arm-fsl-linux-gnueabi/multi-libs/usr/lib/crt1.o /home/swann/SDK/IMX_283A/CrossCompile/gcc-4.4.4-glibc-2.11.1-multilib-1.0/arm-fsl-linux-gnueabi/bin/../arm-fsl-linux-gnueabi/multi-libs/usr/lib/crti.o /home/swann/SDK/IMX_283A/CrossCompile/gcc-4.4.4-glibc-2.11.1-multilib-1.0/arm-fsl-linux-gnueabi/bin/../lib/gcc/arm-fsl-linux-gnueabi/4.4.4/crtbegin.o -L/home/swann/SDK/IMX_283A/CrossCompile/gcc-4.4.4-glibc-2.11.1-multilib-1.0/arm-fsl-linux-gnueabi/bin/../lib/gcc/arm-fsl-linux-gnueabi/4.4.4 -L/home/swann/SDK/IMX_283A/CrossCompile/gcc-4.4.4-glibc-2.11.1-multilib-1.0/arm-fsl-linux-gnueabi/bin/../lib/gcc -L/home/swann/SDK/IMX_283A/CrossCompile/gcc-4.4.4-glibc-2.11.1-multilib-1.0/arm-fsl-linux-gnueabi/bin/../arm-fsl-linux-gnueabi/multi-libs/lib -L/home/swann/SDK/IMX_283A/CrossCompile/gcc-4.4.4-glibc-2.11.1-multilib-1.0/arm-fsl-linux-gnueabi/bin/../arm-fsl-linux-gnueabi/multi-libs/usr/lib CMakeFiles/cmTC_a1e67.dir/CMakeCCompilerABI.c.o -lgcc --as-needed -lgcc_s --no-as-needed -lc -lgcc --as-needed -lgcc_s --no-as-needed /home/swann/SDK/IMX_283A/CrossCompile/gcc-4.4.4-glibc-2.11.1-multilib-1.0/arm-fsl-linux-gnueabi/bin/../lib/gcc/arm-fsl-linux-gnueabi/4.4.4/crtend.o /home/swann/SDK/IMX_283A/CrossCompile/gcc-4.4.4-glibc-2.11.1-multilib-1.0/arm-fsl-linux-gnueabi/bin/../arm-fsl-linux-gnueabi/multi-libs/usr/lib/crtn.o
make[1]: Leaving directory '/home/swann/SDK/X86/LiteCV/example/face_dec/SeetaFace2/BuildARM/CMakeFiles/CMakeTmp'


Parsed C implicit link information from above output:
  link line regex: [^( *|.*[/\])(ld|([^/\]+-)?ld|collect2)[^/\]*( |$)]
  ignore line: [Change Dir: /home/swann/SDK/X86/LiteCV/example/face_dec/SeetaFace2/BuildARM/CMakeFiles/CMakeTmp]
  ignore line: []
  ignore line: [Run Build Command:"/usr/bin/make" "cmTC_a1e67/fast"]
  ignore line: [/usr/bin/make -f CMakeFiles/cmTC_a1e67.dir/build.make CMakeFiles/cmTC_a1e67.dir/build]
  ignore line: [make[1]: Entering directory '/home/swann/SDK/X86/LiteCV/example/face_dec/SeetaFace2/BuildARM/CMakeFiles/CMakeTmp']
  ignore line: [Building C object CMakeFiles/cmTC_a1e67.dir/CMakeCCompilerABI.c.o]
  ignore line: [/home/swann/SDK/IMX_283A/CrossCompile/gcc-4.4.4-glibc-2.11.1-multilib-1.0/arm-fsl-linux-gnueabi/bin/arm-fsl-linux-gnueabi-gcc     -o CMakeFiles/cmTC_a1e67.dir/CMakeCCompilerABI.c.o   -c /usr/share/cmake-3.5/Modules/CMakeCCompilerABI.c]
  ignore line: [Linking C executable cmTC_a1e67]
  ignore line: [/usr/bin/cmake -E cmake_link_script CMakeFiles/cmTC_a1e67.dir/link.txt --verbose=1]
  ignore line: [/home/swann/SDK/IMX_283A/CrossCompile/gcc-4.4.4-glibc-2.11.1-multilib-1.0/arm-fsl-linux-gnueabi/bin/arm-fsl-linux-gnueabi-gcc      -v CMakeFiles/cmTC_a1e67.dir/CMakeCCompilerABI.c.o  -o cmTC_a1e67 -rdynamic  ]
  ignore line: [Using built-in specs.]
  ignore line: [Target: arm-fsl-linux-gnueabi]
  ignore line: [Configured with: /work/arm-toolchains/tmp/src/gcc-4.4.4/configure --build=i686-build_pc-linux-gnu --host=i686-build_pc-linux-gnu --target=arm-fsl-linux-gnueabi --prefix=/work/arm_fsl_gcc_4.4.4_multilib --with-sysroot=/work/arm_fsl_gcc_4.4.4_multilib/arm-fsl-linux-gnueabi/multi-libs --enable-languages=c,c++ --with-pkgversion=4.4.4_09.06.2010 --enable-__cxa_atexit --disable-libmudflap --with-host-libstdcxx='-static-libgcc -Wl,-Bstatic,-lstdc++,-Bdynamic -lm' --with-gmp=/work/arm-toolchains/tmp/arm-fsl-linux-gnueabi/build/static --with-mpfr=/work/arm-toolchains/tmp/arm-fsl-linux-gnueabi/build/static --with-ppl=/work/arm-toolchains/tmp/arm-fsl-linux-gnueabi/build/static --with-cloog=/work/arm-toolchains/tmp/arm-fsl-linux-gnueabi/build/static --enable-threads=posix --enable-target-optspace --with-local-prefix=/work/arm_fsl_gcc_4.4.4_multilib/arm-fsl-linux-gnueabi/multi-libs --disable-nls --enable-symvers=gnu --enable-c99 --enable-long-long --enable-multilib --with-system-zlib --enable-lto]
  ignore line: [Thread model: posix]
  ignore line: [gcc version 4.4.4 (4.4.4_09.06.2010) ]
  ignore line: [COMPILER_PATH=/home/swann/SDK/IMX_283A/CrossCompile/gcc-4.4.4-glibc-2.11.1-multilib-1.0/arm-fsl-linux-gnueabi/bin/../libexec/gcc/arm-fsl-linux-gnueabi/4.4.4/:/home/swann/SDK/IMX_283A/CrossCompile/gcc-4.4.4-glibc-2.11.1-multilib-1.0/arm-fsl-linux-gnueabi/bin/../libexec/gcc/:/home/swann/SDK/IMX_283A/CrossCompile/gcc-4.4.4-glibc-2.11.1-multilib-1.0/arm-fsl-linux-gnueabi/bin/../lib/gcc/arm-fsl-linux-gnueabi/4.4.4/../../../../arm-fsl-linux-gnueabi/bin/]
  ignore line: [LIBRARY_PATH=/home/swann/SDK/IMX_283A/CrossCompile/gcc-4.4.4-glibc-2.11.1-multilib-1.0/arm-fsl-linux-gnueabi/bin/../lib/gcc/arm-fsl-linux-gnueabi/4.4.4/:/home/swann/SDK/IMX_283A/CrossCompile/gcc-4.4.4-glibc-2.11.1-multilib-1.0/arm-fsl-linux-gnueabi/bin/../lib/gcc/:/home/swann/SDK/IMX_283A/CrossCompile/gcc-4.4.4-glibc-2.11.1-multilib-1.0/arm-fsl-linux-gnueabi/bin/../arm-fsl-linux-gnueabi/multi-libs/lib/:/home/swann/SDK/IMX_283A/CrossCompile/gcc-4.4.4-glibc-2.11.1-multilib-1.0/arm-fsl-linux-gnueabi/bin/../arm-fsl-linux-gnueabi/multi-libs/usr/lib/]
  ignore line: [COLLECT_GCC_OPTIONS='-v' '-o' 'cmTC_a1e67' '-rdynamic']
  link line: [ /home/swann/SDK/IMX_283A/CrossCompile/gcc-4.4.4-glibc-2.11.1-multilib-1.0/arm-fsl-linux-gnueabi/bin/../libexec/gcc/arm-fsl-linux-gnueabi/4.4.4/collect2 --sysroot=/home/swann/SDK/IMX_283A/CrossCompile/gcc-4.4.4-glibc-2.11.1-multilib-1.0/arm-fsl-linux-gnueabi/bin/../arm-fsl-linux-gnueabi/multi-libs --eh-frame-hdr -export-dynamic -dynamic-linker /lib/ld-linux.so.3 -X -m armelf_linux_eabi -o cmTC_a1e67 /home/swann/SDK/IMX_283A/CrossCompile/gcc-4.4.4-glibc-2.11.1-multilib-1.0/arm-fsl-linux-gnueabi/bin/../arm-fsl-linux-gnueabi/multi-libs/usr/lib/crt1.o /home/swann/SDK/IMX_283A/CrossCompile/gcc-4.4.4-glibc-2.11.1-multilib-1.0/arm-fsl-linux-gnueabi/bin/../arm-fsl-linux-gnueabi/multi-libs/usr/lib/crti.o /home/swann/SDK/IMX_283A/CrossCompile/gcc-4.4.4-glibc-2.11.1-multilib-1.0/arm-fsl-linux-gnueabi/bin/../lib/gcc/arm-fsl-linux-gnueabi/4.4.4/crtbegin.o -L/home/swann/SDK/IMX_283A/CrossCompile/gcc-4.4.4-glibc-2.11.1-multilib-1.0/arm-fsl-linux-gnueabi/bin/../lib/gcc/arm-fsl-linux-gnueabi/4.4.4 -L/home/swann/SDK/IMX_283A/CrossCompile/gcc-4.4.4-glibc-2.11.1-multilib-1.0/arm-fsl-linux-gnueabi/bin/../lib/gcc -L/home/swann/SDK/IMX_283A/CrossCompile/gcc-4.4.4-glibc-2.11.1-multilib-1.0/arm-fsl-linux-gnueabi/bin/../arm-fsl-linux-gnueabi/multi-libs/lib -L/home/swann/SDK/IMX_283A/CrossCompile/gcc-4.4.4-glibc-2.11.1-multilib-1.0/arm-fsl-linux-gnueabi/bin/../arm-fsl-linux-gnueabi/multi-libs/usr/lib CMakeFiles/cmTC_a1e67.dir/CMakeCCompilerABI.c.o -lgcc --as-needed -lgcc_s --no-as-needed -lc -lgcc --as-needed -lgcc_s --no-as-needed /home/swann/SDK/IMX_283A/CrossCompile/gcc-4.4.4-glibc-2.11.1-multilib-1.0/arm-fsl-linux-gnueabi/bin/../lib/gcc/arm-fsl-linux-gnueabi/4.4.4/crtend.o /home/swann/SDK/IMX_283A/CrossCompile/gcc-4.4.4-glibc-2.11.1-multilib-1.0/arm-fsl-linux-gnueabi/bin/../arm-fsl-linux-gnueabi/multi-libs/usr/lib/crtn.o]
    arg [/home/swann/SDK/IMX_283A/CrossCompile/gcc-4.4.4-glibc-2.11.1-multilib-1.0/arm-fsl-linux-gnueabi/bin/../libexec/gcc/arm-fsl-linux-gnueabi/4.4.4/collect2] ==> ignore
    arg [--sysroot=/home/swann/SDK/IMX_283A/CrossCompile/gcc-4.4.4-glibc-2.11.1-multilib-1.0/arm-fsl-linux-gnueabi/bin/../arm-fsl-linux-gnueabi/multi-libs] ==> ignore
    arg [--eh-frame-hdr] ==> ignore
    arg [-export-dynamic] ==> ignore
    arg [-dynamic-linker] ==> ignore
    arg [/lib/ld-linux.so.3] ==> ignore
    arg [-X] ==> ignore
    arg [-m] ==> ignore
    arg [armelf_linux_eabi] ==> ignore
    arg [-o] ==> ignore
    arg [cmTC_a1e67] ==> ignore
    arg [/home/swann/SDK/IMX_283A/CrossCompile/gcc-4.4.4-glibc-2.11.1-multilib-1.0/arm-fsl-linux-gnueabi/bin/../arm-fsl-linux-gnueabi/multi-libs/usr/lib/crt1.o] ==> ignore
    arg [/home/swann/SDK/IMX_283A/CrossCompile/gcc-4.4.4-glibc-2.11.1-multilib-1.0/arm-fsl-linux-gnueabi/bin/../arm-fsl-linux-gnueabi/multi-libs/usr/lib/crti.o] ==> ignore
    arg [/home/swann/SDK/IMX_283A/CrossCompile/gcc-4.4.4-glibc-2.11.1-multilib-1.0/arm-fsl-linux-gnueabi/bin/../lib/gcc/arm-fsl-linux-gnueabi/4.4.4/crtbegin.o] ==> ignore
    arg [-L/home/swann/SDK/IMX_283A/CrossCompile/gcc-4.4.4-glibc-2.11.1-multilib-1.0/arm-fsl-linux-gnueabi/bin/../lib/gcc/arm-fsl-linux-gnueabi/4.4.4] ==> dir [/home/swann/SDK/IMX_283A/CrossCompile/gcc-4.4.4-glibc-2.11.1-multilib-1.0/arm-fsl-linux-gnueabi/bin/../lib/gcc/arm-fsl-linux-gnueabi/4.4.4]
    arg [-L/home/swann/SDK/IMX_283A/CrossCompile/gcc-4.4.4-glibc-2.11.1-multilib-1.0/arm-fsl-linux-gnueabi/bin/../lib/gcc] ==> dir [/home/swann/SDK/IMX_283A/CrossCompile/gcc-4.4.4-glibc-2.11.1-multilib-1.0/arm-fsl-linux-gnueabi/bin/../lib/gcc]
    arg [-L/home/swann/SDK/IMX_283A/CrossCompile/gcc-4.4.4-glibc-2.11.1-multilib-1.0/arm-fsl-linux-gnueabi/bin/../arm-fsl-linux-gnueabi/multi-libs/lib] ==> dir [/home/swann/SDK/IMX_283A/CrossCompile/gcc-4.4.4-glibc-2.11.1-multilib-1.0/arm-fsl-linux-gnueabi/bin/../arm-fsl-linux-gnueabi/multi-libs/lib]
    arg [-L/home/swann/SDK/IMX_283A/CrossCompile/gcc-4.4.4-glibc-2.11.1-multilib-1.0/arm-fsl-linux-gnueabi/bin/../arm-fsl-linux-gnueabi/multi-libs/usr/lib] ==> dir [/home/swann/SDK/IMX_283A/CrossCompile/gcc-4.4.4-glibc-2.11.1-multilib-1.0/arm-fsl-linux-gnueabi/bin/../arm-fsl-linux-gnueabi/multi-libs/usr/lib]
    arg [CMakeFiles/cmTC_a1e67.dir/CMakeCCompilerABI.c.o] ==> ignore
    arg [-lgcc] ==> lib [gcc]
    arg [--as-needed] ==> ignore
    arg [-lgcc_s] ==> lib [gcc_s]
    arg [--no-as-needed] ==> ignore
    arg [-lc] ==> lib [c]
    arg [-lgcc] ==> lib [gcc]
    arg [--as-needed] ==> ignore
    arg [-lgcc_s] ==> lib [gcc_s]
    arg [--no-as-needed] ==> ignore
    arg [/home/swann/SDK/IMX_283A/CrossCompile/gcc-4.4.4-glibc-2.11.1-multilib-1.0/arm-fsl-linux-gnueabi/bin/../lib/gcc/arm-fsl-linux-gnueabi/4.4.4/crtend.o] ==> ignore
    arg [/home/swann/SDK/IMX_283A/CrossCompile/gcc-4.4.4-glibc-2.11.1-multilib-1.0/arm-fsl-linux-gnueabi/bin/../arm-fsl-linux-gnueabi/multi-libs/usr/lib/crtn.o] ==> ignore
  remove lib [gcc]
  remove lib [gcc_s]
  remove lib [gcc]
  remove lib [gcc_s]
  collapse library dir [/home/swann/SDK/IMX_283A/CrossCompile/gcc-4.4.4-glibc-2.11.1-multilib-1.0/arm-fsl-linux-gnueabi/bin/../lib/gcc/arm-fsl-linux-gnueabi/4.4.4] ==> [/home/swann/SDK/IMX_283A/CrossCompile/gcc-4.4.4-glibc-2.11.1-multilib-1.0/arm-fsl-linux-gnueabi/lib/gcc/arm-fsl-linux-gnueabi/4.4.4]
  collapse library dir [/home/swann/SDK/IMX_283A/CrossCompile/gcc-4.4.4-glibc-2.11.1-multilib-1.0/arm-fsl-linux-gnueabi/bin/../lib/gcc] ==> [/home/swann/SDK/IMX_283A/CrossCompile/gcc-4.4.4-glibc-2.11.1-multilib-1.0/arm-fsl-linux-gnueabi/lib/gcc]
  collapse library dir [/home/swann/SDK/IMX_283A/CrossCompile/gcc-4.4.4-glibc-2.11.1-multilib-1.0/arm-fsl-linux-gnueabi/bin/../arm-fsl-linux-gnueabi/multi-libs/lib] ==> [/home/swann/SDK/IMX_283A/CrossCompile/gcc-4.4.4-glibc-2.11.1-multilib-1.0/arm-fsl-linux-gnueabi/arm-fsl-linux-gnueabi/multi-libs/lib]
  collapse library dir [/home/swann/SDK/IMX_283A/CrossCompile/gcc-4.4.4-glibc-2.11.1-multilib-1.0/arm-fsl-linux-gnueabi/bin/../arm-fsl-linux-gnueabi/multi-libs/usr/lib] ==> [/home/swann/SDK/IMX_283A/CrossCompile/gcc-4.4.4-glibc-2.11.1-multilib-1.0/arm-fsl-linux-gnueabi/arm-fsl-linux-gnueabi/multi-libs/usr/lib]
  implicit libs: [c]
  implicit dirs: [/home/swann/SDK/IMX_283A/CrossCompile/gcc-4.4.4-glibc-2.11.1-multilib-1.0/arm-fsl-linux-gnueabi/lib/gcc/arm-fsl-linux-gnueabi/4.4.4;/home/swann/SDK/IMX_283A/CrossCompile/gcc-4.4.4-glibc-2.11.1-multilib-1.0/arm-fsl-linux-gnueabi/lib/gcc;/home/swann/SDK/IMX_283A/CrossCompile/gcc-4.4.4-glibc-2.11.1-multilib-1.0/arm-fsl-linux-gnueabi/arm-fsl-linux-gnueabi/multi-libs/lib;/home/swann/SDK/IMX_283A/CrossCompile/gcc-4.4.4-glibc-2.11.1-multilib-1.0/arm-fsl-linux-gnueabi/arm-fsl-linux-gnueabi/multi-libs/usr/lib]
  implicit fwks: []




Detecting C [-std=c99] compiler features compiled with the following output:
Change Dir: /home/swann/SDK/X86/LiteCV/example/face_dec/SeetaFace2/BuildARM/CMakeFiles/CMakeTmp

Run Build Command:"/usr/bin/make" "cmTC_0447f/fast"
/usr/bin/make -f CMakeFiles/cmTC_0447f.dir/build.make CMakeFiles/cmTC_0447f.dir/build
make[1]: Entering directory '/home/swann/SDK/X86/LiteCV/example/face_dec/SeetaFace2/BuildARM/CMakeFiles/CMakeTmp'
Building C object CMakeFiles/cmTC_0447f.dir/feature_tests.c.o
/home/swann/SDK/IMX_283A/CrossCompile/gcc-4.4.4-glibc-2.11.1-multilib-1.0/arm-fsl-linux-gnueabi/bin/arm-fsl-linux-gnueabi-gcc    -std=c99 -o CMakeFiles/cmTC_0447f.dir/feature_tests.c.o   -c /home/swann/SDK/X86/LiteCV/example/face_dec/SeetaFace2/BuildARM/CMakeFiles/feature_tests.c
Linking C executable cmTC_0447f
/usr/bin/cmake -E cmake_link_script CMakeFiles/cmTC_0447f.dir/link.txt --verbose=1
/home/swann/SDK/IMX_283A/CrossCompile/gcc-4.4.4-glibc-2.11.1-multilib-1.0/arm-fsl-linux-gnueabi/bin/arm-fsl-linux-gnueabi-gcc       CMakeFiles/cmTC_0447f.dir/feature_tests.c.o  -o cmTC_0447f -rdynamic 
make[1]: Leaving directory '/home/swann/SDK/X86/LiteCV/example/face_dec/SeetaFace2/BuildARM/CMakeFiles/CMakeTmp'


    Feature record: C_FEATURE:1c_function_prototypes
    Feature record: C_FEATURE:1c_restrict
    Feature record: C_FEATURE:0c_static_assert
    Feature record: C_FEATURE:1c_variadic_macros


Detecting C [-std=c89] compiler features compiled with the following output:
Change Dir: /home/swann/SDK/X86/LiteCV/example/face_dec/SeetaFace2/BuildARM/CMakeFiles/CMakeTmp

Run Build Command:"/usr/bin/make" "cmTC_3d195/fast"
/usr/bin/make -f CMakeFiles/cmTC_3d195.dir/build.make CMakeFiles/cmTC_3d195.dir/build
make[1]: Entering directory '/home/swann/SDK/X86/LiteCV/example/face_dec/SeetaFace2/BuildARM/CMakeFiles/CMakeTmp'
Building C object CMakeFiles/cmTC_3d195.dir/feature_tests.c.o
/home/swann/SDK/IMX_283A/CrossCompile/gcc-4.4.4-glibc-2.11.1-multilib-1.0/arm-fsl-linux-gnueabi/bin/arm-fsl-linux-gnueabi-gcc    -std=c89 -o CMakeFiles/cmTC_3d195.dir/feature_tests.c.o   -c /home/swann/SDK/X86/LiteCV/example/face_dec/SeetaFace2/BuildARM/CMakeFiles/feature_tests.c
Linking C executable cmTC_3d195
/usr/bin/cmake -E cmake_link_script CMakeFiles/cmTC_3d195.dir/link.txt --verbose=1
/home/swann/SDK/IMX_283A/CrossCompile/gcc-4.4.4-glibc-2.11.1-multilib-1.0/arm-fsl-linux-gnueabi/bin/arm-fsl-linux-gnueabi-gcc       CMakeFiles/cmTC_3d195.dir/feature_tests.c.o  -o cmTC_3d195 -rdynamic 
make[1]: Leaving directory '/home/swann/SDK/X86/LiteCV/example/face_dec/SeetaFace2/BuildARM/CMakeFiles/CMakeTmp'


    Feature record: C_FEATURE:1c_function_prototypes
    Feature record: C_FEATURE:0c_restrict
    Feature record: C_FEATURE:0c_static_assert
    Feature record: C_FEATURE:0c_variadic_macros
Determining if the CXX compiler works passed with the following output:
Change Dir: /home/swann/SDK/X86/LiteCV/example/face_dec/SeetaFace2/BuildARM/CMakeFiles/CMakeTmp

Run Build Command:"/usr/bin/make" "cmTC_379c0/fast"
/usr/bin/make -f CMakeFiles/cmTC_379c0.dir/build.make CMakeFiles/cmTC_379c0.dir/build
make[1]: Entering directory '/home/swann/SDK/X86/LiteCV/example/face_dec/SeetaFace2/BuildARM/CMakeFiles/CMakeTmp'
Building CXX object CMakeFiles/cmTC_379c0.dir/testCXXCompiler.cxx.o
/home/swann/SDK/IMX_283A/CrossCompile/gcc-4.4.4-glibc-2.11.1-multilib-1.0/arm-fsl-linux-gnueabi/bin/arm-fsl-linux-gnueabi-g++      -o CMakeFiles/cmTC_379c0.dir/testCXXCompiler.cxx.o -c /home/swann/SDK/X86/LiteCV/example/face_dec/SeetaFace2/BuildARM/CMakeFiles/CMakeTmp/testCXXCompiler.cxx
Linking CXX executable cmTC_379c0
/usr/bin/cmake -E cmake_link_script CMakeFiles/cmTC_379c0.dir/link.txt --verbose=1
/home/swann/SDK/IMX_283A/CrossCompile/gcc-4.4.4-glibc-2.11.1-multilib-1.0/arm-fsl-linux-gnueabi/bin/arm-fsl-linux-gnueabi-g++        CMakeFiles/cmTC_379c0.dir/testCXXCompiler.cxx.o  -o cmTC_379c0 -rdynamic 
make[1]: Leaving directory '/home/swann/SDK/X86/LiteCV/example/face_dec/SeetaFace2/BuildARM/CMakeFiles/CMakeTmp'


Detecting CXX compiler ABI info compiled with the following output:
Change Dir: /home/swann/SDK/X86/LiteCV/example/face_dec/SeetaFace2/BuildARM/CMakeFiles/CMakeTmp

Run Build Command:"/usr/bin/make" "cmTC_e2dd2/fast"
/usr/bin/make -f CMakeFiles/cmTC_e2dd2.dir/build.make CMakeFiles/cmTC_e2dd2.dir/build
make[1]: Entering directory '/home/swann/SDK/X86/LiteCV/example/face_dec/SeetaFace2/BuildARM/CMakeFiles/CMakeTmp'
Building CXX object CMakeFiles/cmTC_e2dd2.dir/CMakeCXXCompilerABI.cpp.o
/home/swann/SDK/IMX_283A/CrossCompile/gcc-4.4.4-glibc-2.11.1-multilib-1.0/arm-fsl-linux-gnueabi/bin/arm-fsl-linux-gnueabi-g++      -o CMakeFiles/cmTC_e2dd2.dir/CMakeCXXCompilerABI.cpp.o -c /usr/share/cmake-3.5/Modules/CMakeCXXCompilerABI.cpp
Linking CXX executable cmTC_e2dd2
/usr/bin/cmake -E cmake_link_script CMakeFiles/cmTC_e2dd2.dir/link.txt --verbose=1
/home/swann/SDK/IMX_283A/CrossCompile/gcc-4.4.4-glibc-2.11.1-multilib-1.0/arm-fsl-linux-gnueabi/bin/arm-fsl-linux-gnueabi-g++       -v CMakeFiles/cmTC_e2dd2.dir/CMakeCXXCompilerABI.cpp.o  -o cmTC_e2dd2 -rdynamic  
Using built-in specs.
Target: arm-fsl-linux-gnueabi
Configured with: /work/arm-toolchains/tmp/src/gcc-4.4.4/configure --build=i686-build_pc-linux-gnu --host=i686-build_pc-linux-gnu --target=arm-fsl-linux-gnueabi --prefix=/work/arm_fsl_gcc_4.4.4_multilib --with-sysroot=/work/arm_fsl_gcc_4.4.4_multilib/arm-fsl-linux-gnueabi/multi-libs --enable-languages=c,c++ --with-pkgversion=4.4.4_09.06.2010 --enable-__cxa_atexit --disable-libmudflap --with-host-libstdcxx='-static-libgcc -Wl,-Bstatic,-lstdc++,-Bdynamic -lm' --with-gmp=/work/arm-toolchains/tmp/arm-fsl-linux-gnueabi/build/static --with-mpfr=/work/arm-toolchains/tmp/arm-fsl-linux-gnueabi/build/static --with-ppl=/work/arm-toolchains/tmp/arm-fsl-linux-gnueabi/build/static --with-cloog=/work/arm-toolchains/tmp/arm-fsl-linux-gnueabi/build/static --enable-threads=posix --enable-target-optspace --with-local-prefix=/work/arm_fsl_gcc_4.4.4_multilib/arm-fsl-linux-gnueabi/multi-libs --disable-nls --enable-symvers=gnu --enable-c99 --enable-long-long --enable-multilib --with-system-zlib --enable-lto
Thread model: posix
gcc version 4.4.4 (4.4.4_09.06.2010) 
COMPILER_PATH=/home/swann/SDK/IMX_283A/CrossCompile/gcc-4.4.4-glibc-2.11.1-multilib-1.0/arm-fsl-linux-gnueabi/bin/../libexec/gcc/arm-fsl-linux-gnueabi/4.4.4/:/home/swann/SDK/IMX_283A/CrossCompile/gcc-4.4.4-glibc-2.11.1-multilib-1.0/arm-fsl-linux-gnueabi/bin/../libexec/gcc/:/home/swann/SDK/IMX_283A/CrossCompile/gcc-4.4.4-glibc-2.11.1-multilib-1.0/arm-fsl-linux-gnueabi/bin/../lib/gcc/arm-fsl-linux-gnueabi/4.4.4/../../../../arm-fsl-linux-gnueabi/bin/
LIBRARY_PATH=/home/swann/SDK/IMX_283A/CrossCompile/gcc-4.4.4-glibc-2.11.1-multilib-1.0/arm-fsl-linux-gnueabi/bin/../lib/gcc/arm-fsl-linux-gnueabi/4.4.4/:/home/swann/SDK/IMX_283A/CrossCompile/gcc-4.4.4-glibc-2.11.1-multilib-1.0/arm-fsl-linux-gnueabi/bin/../lib/gcc/:/home/swann/SDK/IMX_283A/CrossCompile/gcc-4.4.4-glibc-2.11.1-multilib-1.0/arm-fsl-linux-gnueabi/bin/../arm-fsl-linux-gnueabi/multi-libs/lib/:/home/swann/SDK/IMX_283A/CrossCompile/gcc-4.4.4-glibc-2.11.1-multilib-1.0/arm-fsl-linux-gnueabi/bin/../arm-fsl-linux-gnueabi/multi-libs/usr/lib/
COLLECT_GCC_OPTIONS='-v' '-o' 'cmTC_e2dd2' '-rdynamic' '-shared-libgcc'
 /home/swann/SDK/IMX_283A/CrossCompile/gcc-4.4.4-glibc-2.11.1-multilib-1.0/arm-fsl-linux-gnueabi/bin/../libexec/gcc/arm-fsl-linux-gnueabi/4.4.4/collect2 --sysroot=/home/swann/SDK/IMX_283A/CrossCompile/gcc-4.4.4-glibc-2.11.1-multilib-1.0/arm-fsl-linux-gnueabi/bin/../arm-fsl-linux-gnueabi/multi-libs --eh-frame-hdr -export-dynamic -dynamic-linker /lib/ld-linux.so.3 -X -m armelf_linux_eabi -o cmTC_e2dd2 /home/swann/SDK/IMX_283A/CrossCompile/gcc-4.4.4-glibc-2.11.1-multilib-1.0/arm-fsl-linux-gnueabi/bin/../arm-fsl-linux-gnueabi/multi-libs/usr/lib/crt1.o /home/swann/SDK/IMX_283A/CrossCompile/gcc-4.4.4-glibc-2.11.1-multilib-1.0/arm-fsl-linux-gnueabi/bin/../arm-fsl-linux-gnueabi/multi-libs/usr/lib/crti.o /home/swann/SDK/IMX_283A/CrossCompile/gcc-4.4.4-glibc-2.11.1-multilib-1.0/arm-fsl-linux-gnueabi/bin/../lib/gcc/arm-fsl-linux-gnueabi/4.4.4/crtbegin.o -L/home/swann/SDK/IMX_283A/CrossCompile/gcc-4.4.4-glibc-2.11.1-multilib-1.0/arm-fsl-linux-gnueabi/bin/../lib/gcc/arm-fsl-linux-gnueabi/4.4.4 -L/home/swann/SDK/IMX_283A/CrossCompile/gcc-4.4.4-glibc-2.11.1-multilib-1.0/arm-fsl-linux-gnueabi/bin/../lib/gcc -L/home/swann/SDK/IMX_283A/CrossCompile/gcc-4.4.4-glibc-2.11.1-multilib-1.0/arm-fsl-linux-gnueabi/bin/../arm-fsl-linux-gnueabi/multi-libs/lib -L/home/swann/SDK/IMX_283A/CrossCompile/gcc-4.4.4-glibc-2.11.1-multilib-1.0/arm-fsl-linux-gnueabi/bin/../arm-fsl-linux-gnueabi/multi-libs/usr/lib CMakeFiles/cmTC_e2dd2.dir/CMakeCXXCompilerABI.cpp.o -lstdc++ -lm -lgcc_s -lgcc -lc -lgcc_s -lgcc /home/swann/SDK/IMX_283A/CrossCompile/gcc-4.4.4-glibc-2.11.1-multilib-1.0/arm-fsl-linux-gnueabi/bin/../lib/gcc/arm-fsl-linux-gnueabi/4.4.4/crtend.o /home/swann/SDK/IMX_283A/CrossCompile/gcc-4.4.4-glibc-2.11.1-multilib-1.0/arm-fsl-linux-gnueabi/bin/../arm-fsl-linux-gnueabi/multi-libs/usr/lib/crtn.o
make[1]: Leaving directory '/home/swann/SDK/X86/LiteCV/example/face_dec/SeetaFace2/BuildARM/CMakeFiles/CMakeTmp'


Parsed CXX implicit link information from above output:
  link line regex: [^( *|.*[/\])(ld|([^/\]+-)?ld|collect2)[^/\]*( |$)]
  ignore line: [Change Dir: /home/swann/SDK/X86/LiteCV/example/face_dec/SeetaFace2/BuildARM/CMakeFiles/CMakeTmp]
  ignore line: []
  ignore line: [Run Build Command:"/usr/bin/make" "cmTC_e2dd2/fast"]
  ignore line: [/usr/bin/make -f CMakeFiles/cmTC_e2dd2.dir/build.make CMakeFiles/cmTC_e2dd2.dir/build]
  ignore line: [make[1]: Entering directory '/home/swann/SDK/X86/LiteCV/example/face_dec/SeetaFace2/BuildARM/CMakeFiles/CMakeTmp']
  ignore line: [Building CXX object CMakeFiles/cmTC_e2dd2.dir/CMakeCXXCompilerABI.cpp.o]
  ignore line: [/home/swann/SDK/IMX_283A/CrossCompile/gcc-4.4.4-glibc-2.11.1-multilib-1.0/arm-fsl-linux-gnueabi/bin/arm-fsl-linux-gnueabi-g++      -o CMakeFiles/cmTC_e2dd2.dir/CMakeCXXCompilerABI.cpp.o -c /usr/share/cmake-3.5/Modules/CMakeCXXCompilerABI.cpp]
  ignore line: [Linking CXX executable cmTC_e2dd2]
  ignore line: [/usr/bin/cmake -E cmake_link_script CMakeFiles/cmTC_e2dd2.dir/link.txt --verbose=1]
  ignore line: [/home/swann/SDK/IMX_283A/CrossCompile/gcc-4.4.4-glibc-2.11.1-multilib-1.0/arm-fsl-linux-gnueabi/bin/arm-fsl-linux-gnueabi-g++       -v CMakeFiles/cmTC_e2dd2.dir/CMakeCXXCompilerABI.cpp.o  -o cmTC_e2dd2 -rdynamic  ]
  ignore line: [Using built-in specs.]
  ignore line: [Target: arm-fsl-linux-gnueabi]
  ignore line: [Configured with: /work/arm-toolchains/tmp/src/gcc-4.4.4/configure --build=i686-build_pc-linux-gnu --host=i686-build_pc-linux-gnu --target=arm-fsl-linux-gnueabi --prefix=/work/arm_fsl_gcc_4.4.4_multilib --with-sysroot=/work/arm_fsl_gcc_4.4.4_multilib/arm-fsl-linux-gnueabi/multi-libs --enable-languages=c,c++ --with-pkgversion=4.4.4_09.06.2010 --enable-__cxa_atexit --disable-libmudflap --with-host-libstdcxx='-static-libgcc -Wl,-Bstatic,-lstdc++,-Bdynamic -lm' --with-gmp=/work/arm-toolchains/tmp/arm-fsl-linux-gnueabi/build/static --with-mpfr=/work/arm-toolchains/tmp/arm-fsl-linux-gnueabi/build/static --with-ppl=/work/arm-toolchains/tmp/arm-fsl-linux-gnueabi/build/static --with-cloog=/work/arm-toolchains/tmp/arm-fsl-linux-gnueabi/build/static --enable-threads=posix --enable-target-optspace --with-local-prefix=/work/arm_fsl_gcc_4.4.4_multilib/arm-fsl-linux-gnueabi/multi-libs --disable-nls --enable-symvers=gnu --enable-c99 --enable-long-long --enable-multilib --with-system-zlib --enable-lto]
  ignore line: [Thread model: posix]
  ignore line: [gcc version 4.4.4 (4.4.4_09.06.2010) ]
  ignore line: [COMPILER_PATH=/home/swann/SDK/IMX_283A/CrossCompile/gcc-4.4.4-glibc-2.11.1-multilib-1.0/arm-fsl-linux-gnueabi/bin/../libexec/gcc/arm-fsl-linux-gnueabi/4.4.4/:/home/swann/SDK/IMX_283A/CrossCompile/gcc-4.4.4-glibc-2.11.1-multilib-1.0/arm-fsl-linux-gnueabi/bin/../libexec/gcc/:/home/swann/SDK/IMX_283A/CrossCompile/gcc-4.4.4-glibc-2.11.1-multilib-1.0/arm-fsl-linux-gnueabi/bin/../lib/gcc/arm-fsl-linux-gnueabi/4.4.4/../../../../arm-fsl-linux-gnueabi/bin/]
  ignore line: [LIBRARY_PATH=/home/swann/SDK/IMX_283A/CrossCompile/gcc-4.4.4-glibc-2.11.1-multilib-1.0/arm-fsl-linux-gnueabi/bin/../lib/gcc/arm-fsl-linux-gnueabi/4.4.4/:/home/swann/SDK/IMX_283A/CrossCompile/gcc-4.4.4-glibc-2.11.1-multilib-1.0/arm-fsl-linux-gnueabi/bin/../lib/gcc/:/home/swann/SDK/IMX_283A/CrossCompile/gcc-4.4.4-glibc-2.11.1-multilib-1.0/arm-fsl-linux-gnueabi/bin/../arm-fsl-linux-gnueabi/multi-libs/lib/:/home/swann/SDK/IMX_283A/CrossCompile/gcc-4.4.4-glibc-2.11.1-multilib-1.0/arm-fsl-linux-gnueabi/bin/../arm-fsl-linux-gnueabi/multi-libs/usr/lib/]
  ignore line: [COLLECT_GCC_OPTIONS='-v' '-o' 'cmTC_e2dd2' '-rdynamic' '-shared-libgcc']
  link line: [ /home/swann/SDK/IMX_283A/CrossCompile/gcc-4.4.4-glibc-2.11.1-multilib-1.0/arm-fsl-linux-gnueabi/bin/../libexec/gcc/arm-fsl-linux-gnueabi/4.4.4/collect2 --sysroot=/home/swann/SDK/IMX_283A/CrossCompile/gcc-4.4.4-glibc-2.11.1-multilib-1.0/arm-fsl-linux-gnueabi/bin/../arm-fsl-linux-gnueabi/multi-libs --eh-frame-hdr -export-dynamic -dynamic-linker /lib/ld-linux.so.3 -X -m armelf_linux_eabi -o cmTC_e2dd2 /home/swann/SDK/IMX_283A/CrossCompile/gcc-4.4.4-glibc-2.11.1-multilib-1.0/arm-fsl-linux-gnueabi/bin/../arm-fsl-linux-gnueabi/multi-libs/usr/lib/crt1.o /home/swann/SDK/IMX_283A/CrossCompile/gcc-4.4.4-glibc-2.11.1-multilib-1.0/arm-fsl-linux-gnueabi/bin/../arm-fsl-linux-gnueabi/multi-libs/usr/lib/crti.o /home/swann/SDK/IMX_283A/CrossCompile/gcc-4.4.4-glibc-2.11.1-multilib-1.0/arm-fsl-linux-gnueabi/bin/../lib/gcc/arm-fsl-linux-gnueabi/4.4.4/crtbegin.o -L/home/swann/SDK/IMX_283A/CrossCompile/gcc-4.4.4-glibc-2.11.1-multilib-1.0/arm-fsl-linux-gnueabi/bin/../lib/gcc/arm-fsl-linux-gnueabi/4.4.4 -L/home/swann/SDK/IMX_283A/CrossCompile/gcc-4.4.4-glibc-2.11.1-multilib-1.0/arm-fsl-linux-gnueabi/bin/../lib/gcc -L/home/swann/SDK/IMX_283A/CrossCompile/gcc-4.4.4-glibc-2.11.1-multilib-1.0/arm-fsl-linux-gnueabi/bin/../arm-fsl-linux-gnueabi/multi-libs/lib -L/home/swann/SDK/IMX_283A/CrossCompile/gcc-4.4.4-glibc-2.11.1-multilib-1.0/arm-fsl-linux-gnueabi/bin/../arm-fsl-linux-gnueabi/multi-libs/usr/lib CMakeFiles/cmTC_e2dd2.dir/CMakeCXXCompilerABI.cpp.o -lstdc++ -lm -lgcc_s -lgcc -lc -lgcc_s -lgcc /home/swann/SDK/IMX_283A/CrossCompile/gcc-4.4.4-glibc-2.11.1-multilib-1.0/arm-fsl-linux-gnueabi/bin/../lib/gcc/arm-fsl-linux-gnueabi/4.4.4/crtend.o /home/swann/SDK/IMX_283A/CrossCompile/gcc-4.4.4-glibc-2.11.1-multilib-1.0/arm-fsl-linux-gnueabi/bin/../arm-fsl-linux-gnueabi/multi-libs/usr/lib/crtn.o]
    arg [/home/swann/SDK/IMX_283A/CrossCompile/gcc-4.4.4-glibc-2.11.1-multilib-1.0/arm-fsl-linux-gnueabi/bin/../libexec/gcc/arm-fsl-linux-gnueabi/4.4.4/collect2] ==> ignore
    arg [--sysroot=/home/swann/SDK/IMX_283A/CrossCompile/gcc-4.4.4-glibc-2.11.1-multilib-1.0/arm-fsl-linux-gnueabi/bin/../arm-fsl-linux-gnueabi/multi-libs] ==> ignore
    arg [--eh-frame-hdr] ==> ignore
    arg [-export-dynamic] ==> ignore
    arg [-dynamic-linker] ==> ignore
    arg [/lib/ld-linux.so.3] ==> ignore
    arg [-X] ==> ignore
    arg [-m] ==> ignore
    arg [armelf_linux_eabi] ==> ignore
    arg [-o] ==> ignore
    arg [cmTC_e2dd2] ==> ignore
    arg [/home/swann/SDK/IMX_283A/CrossCompile/gcc-4.4.4-glibc-2.11.1-multilib-1.0/arm-fsl-linux-gnueabi/bin/../arm-fsl-linux-gnueabi/multi-libs/usr/lib/crt1.o] ==> ignore
    arg [/home/swann/SDK/IMX_283A/CrossCompile/gcc-4.4.4-glibc-2.11.1-multilib-1.0/arm-fsl-linux-gnueabi/bin/../arm-fsl-linux-gnueabi/multi-libs/usr/lib/crti.o] ==> ignore
    arg [/home/swann/SDK/IMX_283A/CrossCompile/gcc-4.4.4-glibc-2.11.1-multilib-1.0/arm-fsl-linux-gnueabi/bin/../lib/gcc/arm-fsl-linux-gnueabi/4.4.4/crtbegin.o] ==> ignore
    arg [-L/home/swann/SDK/IMX_283A/CrossCompile/gcc-4.4.4-glibc-2.11.1-multilib-1.0/arm-fsl-linux-gnueabi/bin/../lib/gcc/arm-fsl-linux-gnueabi/4.4.4] ==> dir [/home/swann/SDK/IMX_283A/CrossCompile/gcc-4.4.4-glibc-2.11.1-multilib-1.0/arm-fsl-linux-gnueabi/bin/../lib/gcc/arm-fsl-linux-gnueabi/4.4.4]
    arg [-L/home/swann/SDK/IMX_283A/CrossCompile/gcc-4.4.4-glibc-2.11.1-multilib-1.0/arm-fsl-linux-gnueabi/bin/../lib/gcc] ==> dir [/home/swann/SDK/IMX_283A/CrossCompile/gcc-4.4.4-glibc-2.11.1-multilib-1.0/arm-fsl-linux-gnueabi/bin/../lib/gcc]
    arg [-L/home/swann/SDK/IMX_283A/CrossCompile/gcc-4.4.4-glibc-2.11.1-multilib-1.0/arm-fsl-linux-gnueabi/bin/../arm-fsl-linux-gnueabi/multi-libs/lib] ==> dir [/home/swann/SDK/IMX_283A/CrossCompile/gcc-4.4.4-glibc-2.11.1-multilib-1.0/arm-fsl-linux-gnueabi/bin/../arm-fsl-linux-gnueabi/multi-libs/lib]
    arg [-L/home/swann/SDK/IMX_283A/CrossCompile/gcc-4.4.4-glibc-2.11.1-multilib-1.0/arm-fsl-linux-gnueabi/bin/../arm-fsl-linux-gnueabi/multi-libs/usr/lib] ==> dir [/home/swann/SDK/IMX_283A/CrossCompile/gcc-4.4.4-glibc-2.11.1-multilib-1.0/arm-fsl-linux-gnueabi/bin/../arm-fsl-linux-gnueabi/multi-libs/usr/lib]
    arg [CMakeFiles/cmTC_e2dd2.dir/CMakeCXXCompilerABI.cpp.o] ==> ignore
    arg [-lstdc++] ==> lib [stdc++]
    arg [-lm] ==> lib [m]
    arg [-lgcc_s] ==> lib [gcc_s]
    arg [-lgcc] ==> lib [gcc]
    arg [-lc] ==> lib [c]
    arg [-lgcc_s] ==> lib [gcc_s]
    arg [-lgcc] ==> lib [gcc]
    arg [/home/swann/SDK/IMX_283A/CrossCompile/gcc-4.4.4-glibc-2.11.1-multilib-1.0/arm-fsl-linux-gnueabi/bin/../lib/gcc/arm-fsl-linux-gnueabi/4.4.4/crtend.o] ==> ignore
    arg [/home/swann/SDK/IMX_283A/CrossCompile/gcc-4.4.4-glibc-2.11.1-multilib-1.0/arm-fsl-linux-gnueabi/bin/../arm-fsl-linux-gnueabi/multi-libs/usr/lib/crtn.o] ==> ignore
  remove lib [gcc_s]
  remove lib [gcc]
  remove lib [gcc_s]
  remove lib [gcc]
  collapse library dir [/home/swann/SDK/IMX_283A/CrossCompile/gcc-4.4.4-glibc-2.11.1-multilib-1.0/arm-fsl-linux-gnueabi/bin/../lib/gcc/arm-fsl-linux-gnueabi/4.4.4] ==> [/home/swann/SDK/IMX_283A/CrossCompile/gcc-4.4.4-glibc-2.11.1-multilib-1.0/arm-fsl-linux-gnueabi/lib/gcc/arm-fsl-linux-gnueabi/4.4.4]
  collapse library dir [/home/swann/SDK/IMX_283A/CrossCompile/gcc-4.4.4-glibc-2.11.1-multilib-1.0/arm-fsl-linux-gnueabi/bin/../lib/gcc] ==> [/home/swann/SDK/IMX_283A/CrossCompile/gcc-4.4.4-glibc-2.11.1-multilib-1.0/arm-fsl-linux-gnueabi/lib/gcc]
  collapse library dir [/home/swann/SDK/IMX_283A/CrossCompile/gcc-4.4.4-glibc-2.11.1-multilib-1.0/arm-fsl-linux-gnueabi/bin/../arm-fsl-linux-gnueabi/multi-libs/lib] ==> [/home/swann/SDK/IMX_283A/CrossCompile/gcc-4.4.4-glibc-2.11.1-multilib-1.0/arm-fsl-linux-gnueabi/arm-fsl-linux-gnueabi/multi-libs/lib]
  collapse library dir [/home/swann/SDK/IMX_283A/CrossCompile/gcc-4.4.4-glibc-2.11.1-multilib-1.0/arm-fsl-linux-gnueabi/bin/../arm-fsl-linux-gnueabi/multi-libs/usr/lib] ==> [/home/swann/SDK/IMX_283A/CrossCompile/gcc-4.4.4-glibc-2.11.1-multilib-1.0/arm-fsl-linux-gnueabi/arm-fsl-linux-gnueabi/multi-libs/usr/lib]
  implicit libs: [stdc++;m;c]
  implicit dirs: [/home/swann/SDK/IMX_283A/CrossCompile/gcc-4.4.4-glibc-2.11.1-multilib-1.0/arm-fsl-linux-gnueabi/lib/gcc/arm-fsl-linux-gnueabi/4.4.4;/home/swann/SDK/IMX_283A/CrossCompile/gcc-4.4.4-glibc-2.11.1-multilib-1.0/arm-fsl-linux-gnueabi/lib/gcc;/home/swann/SDK/IMX_283A/CrossCompile/gcc-4.4.4-glibc-2.11.1-multilib-1.0/arm-fsl-linux-gnueabi/arm-fsl-linux-gnueabi/multi-libs/lib;/home/swann/SDK/IMX_283A/CrossCompile/gcc-4.4.4-glibc-2.11.1-multilib-1.0/arm-fsl-linux-gnueabi/arm-fsl-linux-gnueabi/multi-libs/usr/lib]
  implicit fwks: []




Detecting CXX [-std=c++0x] compiler features compiled with the following output:
Change Dir: /home/swann/SDK/X86/LiteCV/example/face_dec/SeetaFace2/BuildARM/CMakeFiles/CMakeTmp

Run Build Command:"/usr/bin/make" "cmTC_42186/fast"
/usr/bin/make -f CMakeFiles/cmTC_42186.dir/build.make CMakeFiles/cmTC_42186.dir/build
make[1]: Entering directory '/home/swann/SDK/X86/LiteCV/example/face_dec/SeetaFace2/BuildARM/CMakeFiles/CMakeTmp'
Building CXX object CMakeFiles/cmTC_42186.dir/feature_tests.cxx.o
/home/swann/SDK/IMX_283A/CrossCompile/gcc-4.4.4-glibc-2.11.1-multilib-1.0/arm-fsl-linux-gnueabi/bin/arm-fsl-linux-gnueabi-g++     -std=c++0x -o CMakeFiles/cmTC_42186.dir/feature_tests.cxx.o -c /home/swann/SDK/X86/LiteCV/example/face_dec/SeetaFace2/BuildARM/CMakeFiles/feature_tests.cxx
Linking CXX executable cmTC_42186
/usr/bin/cmake -E cmake_link_script CMakeFiles/cmTC_42186.dir/link.txt --verbose=1
/home/swann/SDK/IMX_283A/CrossCompile/gcc-4.4.4-glibc-2.11.1-multilib-1.0/arm-fsl-linux-gnueabi/bin/arm-fsl-linux-gnueabi-g++        CMakeFiles/cmTC_42186.dir/feature_tests.cxx.o  -o cmTC_42186 -rdynamic 
make[1]: Leaving directory '/home/swann/SDK/X86/LiteCV/example/face_dec/SeetaFace2/BuildARM/CMakeFiles/CMakeTmp'


    Feature record: CXX_FEATURE:0cxx_aggregate_default_initializers
    Feature record: CXX_FEATURE:0cxx_alias_templates
    Feature record: CXX_FEATURE:0cxx_alignas
    Feature record: CXX_FEATURE:0cxx_alignof
    Feature record: CXX_FEATURE:0cxx_attributes
    Feature record: CXX_FEATURE:0cxx_attribute_deprecated
    Feature record: CXX_FEATURE:1cxx_auto_type
    Feature record: CXX_FEATURE:0cxx_binary_literals
    Feature record: CXX_FEATURE:0cxx_constexpr
    Feature record: CXX_FEATURE:0cxx_contextual_conversions
    Feature record: CXX_FEATURE:1cxx_decltype
    Feature record: CXX_FEATURE:0cxx_decltype_auto
    Feature record: CXX_FEATURE:0cxx_decltype_incomplete_return_types
    Feature record: CXX_FEATURE:1cxx_default_function_template_args
    Feature record: CXX_FEATURE:1cxx_defaulted_functions
    Feature record: CXX_FEATURE:0cxx_defaulted_move_initializers
    Feature record: CXX_FEATURE:0cxx_delegating_constructors
    Feature record: CXX_FEATURE:1cxx_deleted_functions
    Feature record: CXX_FEATURE:0cxx_digit_separators
    Feature record: CXX_FEATURE:0cxx_enum_forward_declarations
    Feature record: CXX_FEATURE:0cxx_explicit_conversions
    Feature record: CXX_FEATURE:0cxx_extended_friend_declarations
    Feature record: CXX_FEATURE:1cxx_extern_templates
    Feature record: CXX_FEATURE:0cxx_final
    Feature record: CXX_FEATURE:1cxx_func_identifier
    Feature record: CXX_FEATURE:1cxx_generalized_initializers
    Feature record: CXX_FEATURE:0cxx_generic_lambdas
    Feature record: CXX_FEATURE:0cxx_inheriting_constructors
    Feature record: CXX_FEATURE:1cxx_inline_namespaces
    Feature record: CXX_FEATURE:0cxx_lambdas
    Feature record: CXX_FEATURE:0cxx_lambda_init_captures
    Feature record: CXX_FEATURE:0cxx_local_type_template_args
    Feature record: CXX_FEATURE:1cxx_long_long_type
    Feature record: CXX_FEATURE:0cxx_noexcept
    Feature record: CXX_FEATURE:0cxx_nonstatic_member_init
    Feature record: CXX_FEATURE:0cxx_nullptr
    Feature record: CXX_FEATURE:0cxx_override
    Feature record: CXX_FEATURE:0cxx_range_for
    Feature record: CXX_FEATURE:0cxx_raw_string_literals
    Feature record: CXX_FEATURE:0cxx_reference_qualified_functions
    Feature record: CXX_FEATURE:0cxx_relaxed_constexpr
    Feature record: CXX_FEATURE:0cxx_return_type_deduction
    Feature record: CXX_FEATURE:1cxx_right_angle_brackets
    Feature record: CXX_FEATURE:1cxx_rvalue_references
    Feature record: CXX_FEATURE:1cxx_sizeof_member
    Feature record: CXX_FEATURE:1cxx_static_assert
    Feature record: CXX_FEATURE:1cxx_strong_enums
    Feature record: CXX_FEATURE:1cxx_template_template_parameters
    Feature record: CXX_FEATURE:0cxx_thread_local
    Feature record: CXX_FEATURE:1cxx_trailing_return_types
    Feature record: CXX_FEATURE:1cxx_unicode_literals
    Feature record: CXX_FEATURE:1cxx_uniform_initialization
    Feature record: CXX_FEATURE:0cxx_unrestricted_unions
    Feature record: CXX_FEATURE:0cxx_user_literals
    Feature record: CXX_FEATURE:0cxx_variable_templates
    Feature record: CXX_FEATURE:1cxx_variadic_macros
    Feature record: CXX_FEATURE:1cxx_variadic_templates


Detecting CXX [-std=c++98] compiler features compiled with the following output:
Change Dir: /home/swann/SDK/X86/LiteCV/example/face_dec/SeetaFace2/BuildARM/CMakeFiles/CMakeTmp

Run Build Command:"/usr/bin/make" "cmTC_bf8c5/fast"
/usr/bin/make -f CMakeFiles/cmTC_bf8c5.dir/build.make CMakeFiles/cmTC_bf8c5.dir/build
make[1]: Entering directory '/home/swann/SDK/X86/LiteCV/example/face_dec/SeetaFace2/BuildARM/CMakeFiles/CMakeTmp'
Building CXX object CMakeFiles/cmTC_bf8c5.dir/feature_tests.cxx.o
/home/swann/SDK/IMX_283A/CrossCompile/gcc-4.4.4-glibc-2.11.1-multilib-1.0/arm-fsl-linux-gnueabi/bin/arm-fsl-linux-gnueabi-g++     -std=c++98 -o CMakeFiles/cmTC_bf8c5.dir/feature_tests.cxx.o -c /home/swann/SDK/X86/LiteCV/example/face_dec/SeetaFace2/BuildARM/CMakeFiles/feature_tests.cxx
Linking CXX executable cmTC_bf8c5
/usr/bin/cmake -E cmake_link_script CMakeFiles/cmTC_bf8c5.dir/link.txt --verbose=1
/home/swann/SDK/IMX_283A/CrossCompile/gcc-4.4.4-glibc-2.11.1-multilib-1.0/arm-fsl-linux-gnueabi/bin/arm-fsl-linux-gnueabi-g++        CMakeFiles/cmTC_bf8c5.dir/feature_tests.cxx.o  -o cmTC_bf8c5 -rdynamic 
make[1]: Leaving directory '/home/swann/SDK/X86/LiteCV/example/face_dec/SeetaFace2/BuildARM/CMakeFiles/CMakeTmp'


    Feature record: CXX_FEATURE:0cxx_aggregate_default_initializers
    Feature record: CXX_FEATURE:0cxx_alias_templates
    Feature record: CXX_FEATURE:0cxx_alignas
    Feature record: CXX_FEATURE:0cxx_alignof
    Feature record: CXX_FEATURE:0cxx_attributes
    Feature record: CXX_FEATURE:0cxx_attribute_deprecated
    Feature record: CXX_FEATURE:0cxx_auto_type
    Feature record: CXX_FEATURE:0cxx_binary_literals
    Feature record: CXX_FEATURE:0cxx_constexpr
    Feature record: CXX_FEATURE:0cxx_contextual_conversions
    Feature record: CXX_FEATURE:0cxx_decltype
    Feature record: CXX_FEATURE:0cxx_decltype_auto
    Feature record: CXX_FEATURE:0cxx_decltype_incomplete_return_types
    Feature record: CXX_FEATURE:0cxx_default_function_template_args
    Feature record: CXX_FEATURE:0cxx_defaulted_functions
    Feature record: CXX_FEATURE:0cxx_defaulted_move_initializers
    Feature record: CXX_FEATURE:0cxx_delegating_constructors
    Feature record: CXX_FEATURE:0cxx_deleted_functions
    Feature record: CXX_FEATURE:0cxx_digit_separators
    Feature record: CXX_FEATURE:0cxx_enum_forward_declarations
    Feature record: CXX_FEATURE:0cxx_explicit_conversions
    Feature record: CXX_FEATURE:0cxx_extended_friend_declarations
    Feature record: CXX_FEATURE:0cxx_extern_templates
    Feature record: CXX_FEATURE:0cxx_final
    Feature record: CXX_FEATURE:0cxx_func_identifier
    Feature record: CXX_FEATURE:0cxx_generalized_initializers
    Feature record: CXX_FEATURE:0cxx_generic_lambdas
    Feature record: CXX_FEATURE:0cxx_inheriting_constructors
    Feature record: CXX_FEATURE:0cxx_inline_namespaces
    Feature record: CXX_FEATURE:0cxx_lambdas
    Feature record: CXX_FEATURE:0cxx_lambda_init_captures
    Feature record: CXX_FEATURE:0cxx_local_type_template_args
    Feature record: CXX_FEATURE:0cxx_long_long_type
    Feature record: CXX_FEATURE:0cxx_noexcept
    Feature record: CXX_FEATURE:0cxx_nonstatic_member_init
    Feature record: CXX_FEATURE:0cxx_nullptr
    Feature record: CXX_FEATURE:0cxx_override
    Feature record: CXX_FEATURE:0cxx_range_for
    Feature record: CXX_FEATURE:0cxx_raw_string_literals
    Feature record: CXX_FEATURE:0cxx_reference_qualified_functions
    Feature record: CXX_FEATURE:0cxx_relaxed_constexpr
    Feature record: CXX_FEATURE:0cxx_return_type_deduction
    Feature record: CXX_FEATURE:0cxx_right_angle_brackets
    Feature record: CXX_FEATURE:0cxx_rvalue_references
    Feature record: CXX_FEATURE:0cxx_sizeof_member
    Feature record: CXX_FEATURE:0cxx_static_assert
    Feature record: CXX_FEATURE:0cxx_strong_enums
    Feature record: CXX_FEATURE:1cxx_template_template_parameters
    Feature record: CXX_FEATURE:0cxx_thread_local
    Feature record: CXX_FEATURE:0cxx_trailing_return_types
    Feature record: CXX_FEATURE:0cxx_unicode_literals
    Feature record: CXX_FEATURE:0cxx_uniform_initialization
    Feature record: CXX_FEATURE:0cxx_unrestricted_unions
    Feature record: CXX_FEATURE:0cxx_user_literals
    Feature record: CXX_FEATURE:0cxx_variable_templates
    Feature record: CXX_FEATURE:0cxx_variadic_macros
    Feature record: CXX_FEATURE:0cxx_variadic_templates
Performing C++ SOURCE FILE Test COMPILER_HAS_HIDDEN_VISIBILITY succeeded with the following output:
Change Dir: /home/swann/SDK/X86/LiteCV/example/face_dec/SeetaFace2/BuildARM/CMakeFiles/CMakeTmp

Run Build Command:"/usr/bin/make" "cmTC_6d46f/fast"
/usr/bin/make -f CMakeFiles/cmTC_6d46f.dir/build.make CMakeFiles/cmTC_6d46f.dir/build
make[1]: Entering directory '/home/swann/SDK/X86/LiteCV/example/face_dec/SeetaFace2/BuildARM/CMakeFiles/CMakeTmp'
Building CXX object CMakeFiles/cmTC_6d46f.dir/src.cxx.o
/home/swann/SDK/IMX_283A/CrossCompile/gcc-4.4.4-glibc-2.11.1-multilib-1.0/arm-fsl-linux-gnueabi/bin/arm-fsl-linux-gnueabi-g++     -DCOMPILER_HAS_HIDDEN_VISIBILITY -fPIE   -fvisibility=hidden -o CMakeFiles/cmTC_6d46f.dir/src.cxx.o -c /home/swann/SDK/X86/LiteCV/example/face_dec/SeetaFace2/BuildARM/CMakeFiles/CMakeTmp/src.cxx
Linking CXX executable cmTC_6d46f
/usr/bin/cmake -E cmake_link_script CMakeFiles/cmTC_6d46f.dir/link.txt --verbose=1
/home/swann/SDK/IMX_283A/CrossCompile/gcc-4.4.4-glibc-2.11.1-multilib-1.0/arm-fsl-linux-gnueabi/bin/arm-fsl-linux-gnueabi-g++    -DCOMPILER_HAS_HIDDEN_VISIBILITY    CMakeFiles/cmTC_6d46f.dir/src.cxx.o  -o cmTC_6d46f -rdynamic 
make[1]: Leaving directory '/home/swann/SDK/X86/LiteCV/example/face_dec/SeetaFace2/BuildARM/CMakeFiles/CMakeTmp'

Source file was:
int main() { return 0; }
Performing C++ SOURCE FILE Test COMPILER_HAS_HIDDEN_INLINE_VISIBILITY succeeded with the following output:
Change Dir: /home/swann/SDK/X86/LiteCV/example/face_dec/SeetaFace2/BuildARM/CMakeFiles/CMakeTmp

Run Build Command:"/usr/bin/make" "cmTC_fc5e2/fast"
/usr/bin/make -f CMakeFiles/cmTC_fc5e2.dir/build.make CMakeFiles/cmTC_fc5e2.dir/build
make[1]: Entering directory '/home/swann/SDK/X86/LiteCV/example/face_dec/SeetaFace2/BuildARM/CMakeFiles/CMakeTmp'
Building CXX object CMakeFiles/cmTC_fc5e2.dir/src.cxx.o
/home/swann/SDK/IMX_283A/CrossCompile/gcc-4.4.4-glibc-2.11.1-multilib-1.0/arm-fsl-linux-gnueabi/bin/arm-fsl-linux-gnueabi-g++     -DCOMPILER_HAS_HIDDEN_INLINE_VISIBILITY -fPIE   -fvisibility-inlines-hidden -o CMakeFiles/cmTC_fc5e2.dir/src.cxx.o -c /home/swann/SDK/X86/LiteCV/example/face_dec/SeetaFace2/BuildARM/CMakeFiles/CMakeTmp/src.cxx
Linking CXX executable cmTC_fc5e2
/usr/bin/cmake -E cmake_link_script CMakeFiles/cmTC_fc5e2.dir/link.txt --verbose=1
/home/swann/SDK/IMX_283A/CrossCompile/gcc-4.4.4-glibc-2.11.1-multilib-1.0/arm-fsl-linux-gnueabi/bin/arm-fsl-linux-gnueabi-g++    -DCOMPILER_HAS_HIDDEN_INLINE_VISIBILITY    CMakeFiles/cmTC_fc5e2.dir/src.cxx.o  -o cmTC_fc5e2 -rdynamic 
make[1]: Leaving directory '/home/swann/SDK/X86/LiteCV/example/face_dec/SeetaFace2/BuildARM/CMakeFiles/CMakeTmp'

Source file was:
int main() { return 0; }
Performing C++ SOURCE FILE Test COMPILER_HAS_DEPRECATED_ATTR succeeded with the following output:
Change Dir: /home/swann/SDK/X86/LiteCV/example/face_dec/SeetaFace2/BuildARM/CMakeFiles/CMakeTmp

Run Build Command:"/usr/bin/make" "cmTC_1aae6/fast"
/usr/bin/make -f CMakeFiles/cmTC_1aae6.dir/build.make CMakeFiles/cmTC_1aae6.dir/build
make[1]: Entering directory '/home/swann/SDK/X86/LiteCV/example/face_dec/SeetaFace2/BuildARM/CMakeFiles/CMakeTmp'
Building CXX object CMakeFiles/cmTC_1aae6.dir/src.cxx.o
/home/swann/SDK/IMX_283A/CrossCompile/gcc-4.4.4-glibc-2.11.1-multilib-1.0/arm-fsl-linux-gnueabi/bin/arm-fsl-linux-gnueabi-g++     -DCOMPILER_HAS_DEPRECATED_ATTR -fPIE   -o CMakeFiles/cmTC_1aae6.dir/src.cxx.o -c /home/swann/SDK/X86/LiteCV/example/face_dec/SeetaFace2/BuildARM/CMakeFiles/CMakeTmp/src.cxx
/home/swann/SDK/X86/LiteCV/example/face_dec/SeetaFace2/BuildARM/CMakeFiles/CMakeTmp/src.cxx: In function 'int main()':
/home/swann/SDK/X86/LiteCV/example/face_dec/SeetaFace2/BuildARM/CMakeFiles/CMakeTmp/src.cxx:2: warning: 'int somefunc()' is deprecated (declared at /home/swann/SDK/X86/LiteCV/example/face_dec/SeetaFace2/BuildARM/CMakeFiles/CMakeTmp/src.cxx:1)
/home/swann/SDK/X86/LiteCV/example/face_dec/SeetaFace2/BuildARM/CMakeFiles/CMakeTmp/src.cxx:2: warning: 'int somefunc()' is deprecated (declared at /home/swann/SDK/X86/LiteCV/example/face_dec/SeetaFace2/BuildARM/CMakeFiles/CMakeTmp/src.cxx:1)
Linking CXX executable cmTC_1aae6
/usr/bin/cmake -E cmake_link_script CMakeFiles/cmTC_1aae6.dir/link.txt --verbose=1
/home/swann/SDK/IMX_283A/CrossCompile/gcc-4.4.4-glibc-2.11.1-multilib-1.0/arm-fsl-linux-gnueabi/bin/arm-fsl-linux-gnueabi-g++    -DCOMPILER_HAS_DEPRECATED_ATTR    CMakeFiles/cmTC_1aae6.dir/src.cxx.o  -o cmTC_1aae6 -rdynamic 
make[1]: Leaving directory '/home/swann/SDK/X86/LiteCV/example/face_dec/SeetaFace2/BuildARM/CMakeFiles/CMakeTmp'

Source file was:
__attribute__((__deprecated__)) int somefunc() { return 0; }
    int main() { return somefunc();}
