This file contains any messages produced by compilers while
running configure, to aid debugging if configure makes a mistake.

It was created by libjpeg configure 9.4.0, which was
generated by GNU Autoconf 2.69.  Invocation command line was

  $ ./configure --enable-shared --prefix=/home/swann/opencv/jpeg-9d/jpeg_linux_install

## --------- ##
## Platform. ##
## --------- ##

hostname = iZ2ze84fbrxa15s5q2l7cgZ
uname -m = x86_64
uname -r = 5.4.0-47-generic
uname -s = Linux
uname -v = #51-Ubuntu SMP Fri Sep 4 19:50:52 UTC 2020

/usr/bin/uname -p = x86_64
/bin/uname -X     = unknown

/bin/arch              = x86_64
/usr/bin/arch -k       = unknown
/usr/convex/getsysinfo = unknown
/usr/bin/hostinfo      = unknown
/bin/machine           = unknown
/usr/bin/oslevel       = unknown
/bin/universe          = unknown

PATH: /usr/local/sbin
PATH: /usr/local/bin
PATH: /usr/sbin
PATH: /usr/bin
PATH: /sbin
PATH: /bin
PATH: /usr/games
PATH: /usr/local/games
PATH: /snap/bin


## ----------- ##
## Core tests. ##
## ----------- ##

configure:2270: checking build system type
configure:2284: result: x86_64-pc-linux-gnu
configure:2304: checking host system type
configure:2317: result: x86_64-pc-linux-gnu
configure:2337: checking target system type
configure:2350: result: x86_64-pc-linux-gnu
configure:2395: checking for a BSD-compatible install
configure:2463: result: /usr/bin/install -c
configure:2474: checking whether build environment is sane
configure:2529: result: yes
configure:2678: checking for a thread-safe mkdir -p
configure:2717: result: /usr/bin/mkdir -p
configure:2724: checking for gawk
configure:2754: result: no
configure:2724: checking for mawk
configure:2740: found /usr/bin/mawk
configure:2751: result: mawk
configure:2762: checking whether make sets $(MAKE)
configure:2784: result: yes
configure:2813: checking whether make supports nested variables
configure:2830: result: yes
configure:2971: checking whether make supports nested variables
configure:2988: result: yes
configure:3004: checking whether to enable maintainer-specific portions of Makefiles
configure:3013: result: no
configure:3076: checking for gcc
configure:3092: found /usr/bin/gcc
configure:3103: result: gcc
configure:3332: checking for C compiler version
configure:3341: gcc --version >&5
gcc (Ubuntu 9.3.0-10ubuntu2) 9.3.0
Copyright (C) 2019 Free Software Foundation, Inc.
This is free software; see the source for copying conditions.  There is NO
warranty; not even for MERCHANTABILITY or FITNESS FOR A PARTICULAR PURPOSE.

configure:3352: $? = 0
configure:3341: gcc -v >&5
Using built-in specs.
COLLECT_GCC=gcc
COLLECT_LTO_WRAPPER=/usr/lib/gcc/x86_64-linux-gnu/9/lto-wrapper
OFFLOAD_TARGET_NAMES=nvptx-none:hsa
OFFLOAD_TARGET_DEFAULT=1
Target: x86_64-linux-gnu
Configured with: ../src/configure -v --with-pkgversion='Ubuntu 9.3.0-10ubuntu2' --with-bugurl=file:///usr/share/doc/gcc-9/README.Bugs --enable-languages=c,ada,c++,go,brig,d,fortran,objc,obj-c++,gm2 --prefix=/usr --with-gcc-major-version-only --program-suffix=-9 --program-prefix=x86_64-linux-gnu- --enable-shared --enable-linker-build-id --libexecdir=/usr/lib --without-included-gettext --enable-threads=posix --libdir=/usr/lib --enable-nls --enable-clocale=gnu --enable-libstdcxx-debug --enable-libstdcxx-time=yes --with-default-libstdcxx-abi=new --enable-gnu-unique-object --disable-vtable-verify --enable-plugin --enable-default-pie --with-system-zlib --with-target-system-zlib=auto --enable-objc-gc=auto --enable-multiarch --disable-werror --with-arch-32=i686 --with-abi=m64 --with-multilib-list=m32,m64,mx32 --enable-multilib --with-tune=generic --enable-offload-targets=nvptx-none,hsa --without-cuda-driver --enable-checking=release --build=x86_64-linux-gnu --host=x86_64-linux-gnu --target=x86_64-linux-gnu
Thread model: posix
gcc version 9.3.0 (Ubuntu 9.3.0-10ubuntu2) 
configure:3352: $? = 0
configure:3341: gcc -V >&5
gcc: error: unrecognized command line option '-V'
gcc: fatal error: no input files
compilation terminated.
configure:3352: $? = 1
configure:3341: gcc -qversion >&5
gcc: error: unrecognized command line option '-qversion'; did you mean '--version'?
gcc: fatal error: no input files
compilation terminated.
configure:3352: $? = 1
configure:3372: checking whether the C compiler works
configure:3394: gcc    conftest.c  >&5
configure:3398: $? = 0
configure:3446: result: yes
configure:3449: checking for C compiler default output file name
configure:3451: result: a.out
configure:3457: checking for suffix of executables
configure:3464: gcc -o conftest    conftest.c  >&5
configure:3468: $? = 0
configure:3490: result: 
configure:3512: checking whether we are cross compiling
configure:3520: gcc -o conftest    conftest.c  >&5
configure:3524: $? = 0
configure:3531: ./conftest
configure:3535: $? = 0
configure:3523: result: no
configure:3528: checking for suffix of object files
configure:3550: gcc -c   conftest.c >&5
configure:3554: $? = 0
configure:3575: result: o
configure:3579: checking whether we are using the GNU C compiler
configure:3598: gcc -c   conftest.c >&5
configure:3598: $? = 0
configure:3607: result: yes
configure:3616: checking whether gcc accepts -g
configure:3636: gcc -c -g  conftest.c >&5
configure:3636: $? = 0
configure:3677: result: yes
configure:3694: checking for gcc option to accept ISO C89
configure:3757: gcc  -c -g -O2  conftest.c >&5
configure:3757: $? = 0
configure:3770: result: none needed
configure:3795: checking whether gcc understands -c and -o together
configure:3817: gcc -c conftest.c -o conftest2.o
configure:3820: $? = 0
configure:3817: gcc -c conftest.c -o conftest2.o
configure:3820: $? = 0
configure:3832: result: yes
configure:3852: checking whether make supports the include directive
configure:3867: make -f confmf.GNU && cat confinc.out
this is the am__doit target
configure:3870: $? = 0
configure:3889: result: yes (GNU style)
configure:3914: checking dependency style of gcc
configure:4025: result: gcc3
configure:4044: checking for gcc option to accept ISO C99
configure:4193: gcc  -c -g -O2  conftest.c >&5
configure:4193: $? = 0
configure:4206: result: none needed
configure:4314: checking for gcc option to accept ISO Standard C
configure:4325: result: none needed
configure:4337: checking how to run the C preprocessor
configure:4368: gcc -E  conftest.c
configure:4368: $? = 0
configure:4382: gcc -E  conftest.c
conftest.c:11:10: fatal error: ac_nonexistent.h: No such file or directory
   11 | #include <ac_nonexistent.h>
      |          ^~~~~~~~~~~~~~~~~~
compilation terminated.
configure:4382: $? = 1
configure: failed program was:
| /* confdefs.h */
| #define PACKAGE_NAME "libjpeg"
| #define PACKAGE_TARNAME "libjpeg"
| #define PACKAGE_VERSION "9.4.0"
| #define PACKAGE_STRING "libjpeg 9.4.0"
| #define PACKAGE_BUGREPORT ""
| #define PACKAGE_URL ""
| #define PACKAGE "libjpeg"
| #define VERSION "9.4.0"
| /* end confdefs.h.  */
| #include <ac_nonexistent.h>
configure:4407: result: gcc -E
configure:4427: gcc -E  conftest.c
configure:4427: $? = 0
configure:4441: gcc -E  conftest.c
conftest.c:11:10: fatal error: ac_nonexistent.h: No such file or directory
   11 | #include <ac_nonexistent.h>
      |          ^~~~~~~~~~~~~~~~~~
compilation terminated.
configure:4441: $? = 1
configure: failed program was:
| /* confdefs.h */
| #define PACKAGE_NAME "libjpeg"
| #define PACKAGE_TARNAME "libjpeg"
| #define PACKAGE_VERSION "9.4.0"
| #define PACKAGE_STRING "libjpeg 9.4.0"
| #define PACKAGE_BUGREPORT ""
| #define PACKAGE_URL ""
| #define PACKAGE "libjpeg"
| #define VERSION "9.4.0"
| /* end confdefs.h.  */
| #include <ac_nonexistent.h>
configure:4470: checking whether make sets $(MAKE)
configure:4492: result: yes
configure:4501: checking whether ln -s works
configure:4505: result: yes
configure:4562: checking for ar
configure:4578: found /usr/bin/ar
configure:4589: result: ar
configure:4615: checking the archiver (ar) interface
configure:4631: gcc -c -g -O2  conftest.c >&5
configure:4631: $? = 0
configure:4633: ar cru libconftest.a conftest.o >&5
ar: `u' modifier ignored since `D' is the default (see `U')
configure:4636: $? = 0
configure:4635: result: ar
configure:4664: checking if LD -Wl,--version-script works
configure:4688: gcc -o conftest -g -O2   -Wl,--version-script=conftest.map conftest.c  >&5
configure:4688: $? = 0
configure:4697: result: yes
configure:4710: checking for function prototypes
configure:4730: gcc -c -g -O2  conftest.c >&5
configure:4730: $? = 0
configure:4738: result: yes
configure:4759: checking for grep that handles long lines and -e
configure:4817: result: /usr/bin/grep
configure:4822: checking for egrep
configure:4884: result: /usr/bin/grep -E
configure:4889: checking for ANSI C header files
configure:4909: gcc -c -g -O2  conftest.c >&5
configure:4909: $? = 0
configure:4982: gcc -o conftest -g -O2   conftest.c  >&5
configure:4982: $? = 0
configure:4982: ./conftest
configure:4982: $? = 0
configure:4993: result: yes
configure:5006: checking for sys/types.h
configure:5006: gcc -c -g -O2  conftest.c >&5
configure:5006: $? = 0
configure:5006: result: yes
configure:5006: checking for sys/stat.h
configure:5006: gcc -c -g -O2  conftest.c >&5
configure:5006: $? = 0
configure:5006: result: yes
configure:5006: checking for stdlib.h
configure:5006: gcc -c -g -O2  conftest.c >&5
configure:5006: $? = 0
configure:5006: result: yes
configure:5006: checking for string.h
configure:5006: gcc -c -g -O2  conftest.c >&5
configure:5006: $? = 0
configure:5006: result: yes
configure:5006: checking for memory.h
configure:5006: gcc -c -g -O2  conftest.c >&5
configure:5006: $? = 0
configure:5006: result: yes
configure:5006: checking for strings.h
configure:5006: gcc -c -g -O2  conftest.c >&5
configure:5006: $? = 0
configure:5006: result: yes
configure:5006: checking for inttypes.h
configure:5006: gcc -c -g -O2  conftest.c >&5
configure:5006: $? = 0
configure:5006: result: yes
configure:5006: checking for stdint.h
configure:5006: gcc -c -g -O2  conftest.c >&5
configure:5006: $? = 0
configure:5006: result: yes
configure:5006: checking for unistd.h
configure:5006: gcc -c -g -O2  conftest.c >&5
configure:5006: $? = 0
configure:5006: result: yes
configure:5021: checking stddef.h usability
configure:5021: gcc -c -g -O2  conftest.c >&5
configure:5021: $? = 0
configure:5021: result: yes
configure:5021: checking stddef.h presence
configure:5021: gcc -E  conftest.c
configure:5021: $? = 0
configure:5021: result: yes
configure:5021: checking for stddef.h
configure:5021: result: yes
configure:5021: checking for stdlib.h
configure:5021: result: yes
configure:5021: checking locale.h usability
configure:5021: gcc -c -g -O2  conftest.c >&5
configure:5021: $? = 0
configure:5021: result: yes
configure:5021: checking locale.h presence
configure:5021: gcc -E  conftest.c
configure:5021: $? = 0
configure:5021: result: yes
configure:5021: checking for locale.h
configure:5021: result: yes
configure:5031: checking for string.h
configure:5031: result: yes
configure:5044: checking for size_t
configure:5071: gcc -c -g -O2  conftest.c >&5
configure:5071: $? = 0
configure:5077: result: yes
configure:5113: checking for type unsigned char
configure:5126: gcc -c -g -O2  conftest.c >&5
configure:5126: $? = 0
configure:5127: result: yes
configure:5138: checking for type unsigned short
configure:5151: gcc -c -g -O2  conftest.c >&5
configure:5151: $? = 0
configure:5152: result: yes
configure:5163: checking for type void
configure:5197: gcc -c -g -O2  conftest.c >&5
configure:5197: $? = 0
configure:5198: result: yes
configure:5208: checking for an ANSI C-conforming const
configure:5274: gcc -c -g -O2  conftest.c >&5
configure:5274: $? = 0
configure:5281: result: yes
configure:5291: checking for inline
configure:5306: gcc -c -g -O2  conftest.c >&5
configure:5306: $? = 0
configure:5344: result: __inline__
configure:5353: checking for broken incomplete types
configure:5366: gcc -c -g -O2  conftest.c >&5
configure:5366: $? = 0
configure:5367: result: ok
configure:5379: checking for short external names
configure:5395: gcc -o conftest -g -O2   conftest.c  >&5
configure:5395: $? = 0
configure:5396: result: ok
configure:5409: checking to see if char is signed
configure:5446: gcc -o conftest -g -O2   conftest.c  >&5
configure:5446: $? = 0
configure:5446: ./conftest
configure:5446: $? = 1
configure: program exited with status 1
configure: failed program was:
| /* confdefs.h */
| #define PACKAGE_NAME "libjpeg"
| #define PACKAGE_TARNAME "libjpeg"
| #define PACKAGE_VERSION "9.4.0"
| #define PACKAGE_STRING "libjpeg 9.4.0"
| #define PACKAGE_BUGREPORT ""
| #define PACKAGE_URL ""
| #define PACKAGE "libjpeg"
| #define VERSION "9.4.0"
| #define HAVE_PROTOTYPES 1
| #define STDC_HEADERS 1
| #define HAVE_SYS_TYPES_H 1
| #define HAVE_SYS_STAT_H 1
| #define HAVE_STDLIB_H 1
| #define HAVE_STRING_H 1
| #define HAVE_MEMORY_H 1
| #define HAVE_STRINGS_H 1
| #define HAVE_INTTYPES_H 1
| #define HAVE_STDINT_H 1
| #define HAVE_UNISTD_H 1
| #define HAVE_STDDEF_H 1
| #define HAVE_STDLIB_H 1
| #define HAVE_LOCALE_H 1
| #define HAVE_UNSIGNED_CHAR 1
| #define HAVE_UNSIGNED_SHORT 1
| #define INLINE __inline__
| /* end confdefs.h.  */
| 
| #ifdef HAVE_STDLIB_H
| #include <stdlib.h>
| #endif
| #include <stdio.h>
| #ifdef HAVE_PROTOTYPES
| int is_char_signed (int arg)
| #else
| int is_char_signed (arg)
|      int arg;
| #endif
| {
|   if (arg == 189) {		/* expected result for unsigned char */
|     return 0;			/* type char is unsigned */
|   }
|   else if (arg != -67) {	/* expected result for signed char */
|     printf("Hmm, it seems 'char' is not eight bits wide on your machine.\n");
|     printf("I fear the JPEG software will not work at all.\n\n");
|   }
|   return 1;			/* assume char is signed otherwise */
| }
| char signed_char_check = (char) (-67);
| int main() {
|   exit(is_char_signed((int) signed_char_check));
| }
configure:5453: result: yes
configure:5461: checking to see if right shift is signed
configure:5501: gcc -o conftest -g -O2   conftest.c  >&5
configure:5501: $? = 0
configure:5501: ./conftest
configure:5501: $? = 1
configure: program exited with status 1
configure: failed program was:
| /* confdefs.h */
| #define PACKAGE_NAME "libjpeg"
| #define PACKAGE_TARNAME "libjpeg"
| #define PACKAGE_VERSION "9.4.0"
| #define PACKAGE_STRING "libjpeg 9.4.0"
| #define PACKAGE_BUGREPORT ""
| #define PACKAGE_URL ""
| #define PACKAGE "libjpeg"
| #define VERSION "9.4.0"
| #define HAVE_PROTOTYPES 1
| #define STDC_HEADERS 1
| #define HAVE_SYS_TYPES_H 1
| #define HAVE_SYS_STAT_H 1
| #define HAVE_STDLIB_H 1
| #define HAVE_STRING_H 1
| #define HAVE_MEMORY_H 1
| #define HAVE_STRINGS_H 1
| #define HAVE_INTTYPES_H 1
| #define HAVE_STDINT_H 1
| #define HAVE_UNISTD_H 1
| #define HAVE_STDDEF_H 1
| #define HAVE_STDLIB_H 1
| #define HAVE_LOCALE_H 1
| #define HAVE_UNSIGNED_CHAR 1
| #define HAVE_UNSIGNED_SHORT 1
| #define INLINE __inline__
| /* end confdefs.h.  */
| 
| #ifdef HAVE_STDLIB_H
| #include <stdlib.h>
| #endif
| #include <stdio.h>
| #ifdef HAVE_PROTOTYPES
| int is_shifting_signed (long arg)
| #else
| int is_shifting_signed (arg)
|      long arg;
| #endif
| /* See whether right-shift on a long is signed or not. */
| {
|   long res = arg >> 4;
| 
|   if (res == -0x7F7E80CL) {	/* expected result for signed shift */
|     return 1;			/* right shift is signed */
|   }
|   /* see if unsigned-shift hack will fix it. */
|   /* we can't just test exact value since it depends on width of long... */
|   res |= (~0L) << (32-4);
|   if (res == -0x7F7E80CL) {	/* expected result now? */
|     return 0;			/* right shift is unsigned */
|   }
|   printf("Right shift isn't acting as I expect it to.\n");
|   printf("I fear the JPEG software will not work at all.\n\n");
|   return 0;			/* try it with unsigned anyway */
| }
| int main() {
|   exit(is_shifting_signed(-0x7F7E80B1L));
| }
configure:5508: result: yes
configure:5516: checking to see if fopen accepts b spec
configure:5535: gcc -o conftest -g -O2   conftest.c  >&5
configure:5535: $? = 0
configure:5535: ./conftest
configure:5535: $? = 0
configure:5536: result: yes
configure:5900: checking how to print strings
configure:5927: result: printf
configure:5948: checking for a sed that does not truncate output
configure:6012: result: /usr/bin/sed
configure:6030: checking for fgrep
configure:6092: result: /usr/bin/grep -F
configure:6127: checking for ld used by gcc
configure:6194: result: /usr/bin/ld
configure:6201: checking if the linker (/usr/bin/ld) is GNU ld
configure:6216: result: yes
configure:6228: checking for BSD- or MS-compatible name lister (nm)
configure:6282: result: /usr/bin/nm -B
configure:6412: checking the name lister (/usr/bin/nm -B) interface
configure:6419: gcc -c -g -O2  conftest.c >&5
configure:6422: /usr/bin/nm -B "conftest.o"
configure:6425: output
0000000000000000 B some_variable
configure:6426: result: BSD nm
configure:6430: checking the maximum length of command line arguments
configure:6561: result: 1572864
configure:6609: checking how to convert x86_64-pc-linux-gnu file names to x86_64-pc-linux-gnu format
configure:6649: result: func_convert_file_noop
configure:6656: checking how to convert x86_64-pc-linux-gnu file names to toolchain format
configure:6676: result: func_convert_file_noop
configure:6683: checking for /usr/bin/ld option to reload object files
configure:6690: result: -r
configure:6764: checking for objdump
configure:6791: result: objdump
configure:6820: checking how to recognize dependent libraries
configure:7020: result: pass_all
configure:7105: checking for dlltool
configure:7132: result: dlltool
configure:7162: checking how to associate runtime and link libraries
configure:7189: result: printf %s\n
configure:7313: checking for archiver @FILE support
configure:7330: gcc -c -g -O2  conftest.c >&5
configure:7330: $? = 0
configure:7333: ar cru libconftest.a @conftest.lst >&5
ar: `u' modifier ignored since `D' is the default (see `U')
configure:7336: $? = 0
configure:7341: ar cru libconftest.a @conftest.lst >&5
ar: `u' modifier ignored since `D' is the default (see `U')
ar: conftest.o: No such file or directory
configure:7344: $? = 1
configure:7343: result: @
configure:7401: checking for strip
configure:7417: found /usr/bin/strip
configure:7428: result: strip
configure:7500: checking for ranlib
configure:7516: found /usr/bin/ranlib
configure:7527: result: ranlib
configure:7629: checking command to parse /usr/bin/nm -B output from gcc object
configure:7782: gcc -c -g -O2  conftest.c >&5
configure:7785: $? = 0
configure:7789: /usr/bin/nm -B conftest.o \| sed -n -e 's/^.*[ ]\([ABCDGIRSTW][ABCDGIRSTW]*\)[ ][ ]*\([_A-Za-z][_A-Za-z0-9]*\)$/\1 \2 \2/p' | sed '/ __gnu_lto/d' \> conftest.nm
configure:7792: $? = 0
configure:7858: gcc -o conftest -g -O2   conftest.c conftstm.o >&5
configure:7861: $? = 0
configure:7899: result: ok
configure:7946: checking for sysroot
configure:7976: result: no
configure:7983: checking for a working dd
configure:8021: result: /usr/bin/dd
configure:8025: checking how to truncate binary pipes
configure:8040: result: /usr/bin/dd bs=4096 count=1
configure:8176: gcc -c -g -O2  conftest.c >&5
configure:8179: $? = 0
configure:8369: checking for mt
configure:8385: found /usr/bin/mt
configure:8396: result: mt
configure:8419: checking if mt is a manifest tool
configure:8425: mt '-?'
configure:8433: result: no
configure:9107: checking for dlfcn.h
configure:9107: gcc -c -g -O2  conftest.c >&5
configure:9107: $? = 0
configure:9107: result: yes
configure:9361: checking for objdir
configure:9376: result: .libs
configure:9636: checking if gcc supports -fno-rtti -fno-exceptions
configure:9654: gcc -c -g -O2  -fno-rtti -fno-exceptions conftest.c >&5
cc1: warning: command line option '-fno-rtti' is valid for C++/D/ObjC++ but not for C
configure:9658: $? = 0
configure:9671: result: no
configure:10029: checking for gcc option to produce PIC
configure:10036: result: -fPIC -DPIC
configure:10044: checking if gcc PIC flag -fPIC -DPIC works
configure:10062: gcc -c -g -O2  -fPIC -DPIC -DPIC conftest.c >&5
configure:10066: $? = 0
configure:10079: result: yes
configure:10108: checking if gcc static flag -static works
configure:10136: result: yes
configure:10151: checking if gcc supports -c -o file.o
configure:10172: gcc -c -g -O2  -o out/conftest2.o conftest.c >&5
configure:10176: $? = 0
configure:10198: result: yes
configure:10206: checking if gcc supports -c -o file.o
configure:10253: result: yes
configure:10286: checking whether the gcc linker (/usr/bin/ld -m elf_x86_64) supports shared libraries
configure:11545: result: yes
configure:11582: checking whether -lc should be explicitly linked in
configure:11590: gcc -c -g -O2  conftest.c >&5
configure:11593: $? = 0
configure:11608: gcc -shared  -fPIC -DPIC conftest.o  -v -Wl,-soname -Wl,conftest -o conftest 2\>\&1 \| /usr/bin/grep  -lc  \>/dev/null 2\>\&1
configure:11611: $? = 0
configure:11625: result: no
configure:11785: checking dynamic linker characteristics
configure:12366: gcc -o conftest -g -O2   -Wl,-rpath -Wl,/foo conftest.c  >&5
configure:12366: $? = 0
configure:12603: result: GNU/Linux ld.so
configure:12725: checking how to hardcode library paths into programs
configure:12750: result: immediate
configure:13298: checking whether stripping libraries is possible
configure:13303: result: yes
configure:13338: checking if libtool supports shared libraries
configure:13340: result: yes
configure:13343: checking whether to build shared libraries
configure:13368: result: yes
configure:13371: checking whether to build static libraries
configure:13375: result: yes
configure:10286: checking libjpeg version number
configure:10296: result: 9.4.0
configure:10402: checking that generated files are newer than configure
configure:10408: result: done
configure:10439: creating ./config.status

## ---------------------- ##
## Running config.status. ##
## ---------------------- ##

This file was extended by libjpeg config.status 9.4.0, which was
generated by GNU Autoconf 2.69.  Invocation command line was

  CONFIG_FILES    = 
  CONFIG_HEADERS  = 
  CONFIG_LINKS    = 
  CONFIG_COMMANDS = 
  $ ./config.status 

on iZ2ze84fbrxa15s5q2l7cgZ

config.status:1102: creating Makefile
config.status:1102: creating libjpeg.pc
config.status:1102: creating jconfig.h
config.status:1283: jconfig.h is unchanged
config.status:1331: executing depfiles commands
config.status:1408: cd .       && sed -e '/# am--include-marker/d' Makefile         | make -f - am--depfiles
make: Nothing to be done for 'am--depfiles'.
config.status:1413: $? = 0
config.status:1331: executing libtool commands

## ---------------- ##
## Cache variables. ##
## ---------------- ##

ac_cv_build=x86_64-pc-linux-gnu
ac_cv_c_compiler_gnu=yes
ac_cv_c_const=yes
ac_cv_env_CC_set=
ac_cv_env_CC_value=
ac_cv_env_CFLAGS_set=
ac_cv_env_CFLAGS_value=
ac_cv_env_CPPFLAGS_set=
ac_cv_env_CPPFLAGS_value=
ac_cv_env_CPP_set=
ac_cv_env_CPP_value=
ac_cv_env_LDFLAGS_set=
ac_cv_env_LDFLAGS_value=
ac_cv_env_LIBS_set=
ac_cv_env_LIBS_value=
ac_cv_env_LT_SYS_LIBRARY_PATH_set=
ac_cv_env_LT_SYS_LIBRARY_PATH_value=
ac_cv_env_build_alias_set=
ac_cv_env_build_alias_value=
ac_cv_env_host_alias_set=
ac_cv_env_host_alias_value=
ac_cv_env_target_alias_set=
ac_cv_env_target_alias_value=
ac_cv_header_dlfcn_h=yes
ac_cv_header_inttypes_h=yes
ac_cv_header_locale_h=yes
ac_cv_header_memory_h=yes
ac_cv_header_stdc=yes
ac_cv_header_stddef_h=yes
ac_cv_header_stdint_h=yes
ac_cv_header_stdlib_h=yes
ac_cv_header_string_h=yes
ac_cv_header_strings_h=yes
ac_cv_header_sys_stat_h=yes
ac_cv_header_sys_types_h=yes
ac_cv_header_unistd_h=yes
ac_cv_host=x86_64-pc-linux-gnu
ac_cv_objext=o
ac_cv_path_EGREP='/usr/bin/grep -E'
ac_cv_path_FGREP='/usr/bin/grep -F'
ac_cv_path_GREP=/usr/bin/grep
ac_cv_path_SED=/usr/bin/sed
ac_cv_path_install='/usr/bin/install -c'
ac_cv_path_lt_DD=/usr/bin/dd
ac_cv_path_mkdir=/usr/bin/mkdir
ac_cv_prog_AWK=mawk
ac_cv_prog_CPP='gcc -E'
ac_cv_prog_ac_ct_AR=ar
ac_cv_prog_ac_ct_CC=gcc
ac_cv_prog_ac_ct_DLLTOOL=dlltool
ac_cv_prog_ac_ct_MANIFEST_TOOL=mt
ac_cv_prog_ac_ct_OBJDUMP=objdump
ac_cv_prog_ac_ct_RANLIB=ranlib
ac_cv_prog_ac_ct_STRIP=strip
ac_cv_prog_cc_c89=
ac_cv_prog_cc_c99=
ac_cv_prog_cc_g=yes
ac_cv_prog_cc_stdc=
ac_cv_prog_make_make_set=yes
ac_cv_target=x86_64-pc-linux-gnu
am_cv_CC_dependencies_compiler_type=gcc3
am_cv_ar_interface=ar
am_cv_make_support_nested_variables=yes
am_cv_prog_cc_c_o=yes
ijg_cv_have_prototypes=yes
ijg_cv_inline=__inline__
lt_cv_ar_at_file=@
lt_cv_archive_cmds_need_lc=no
lt_cv_deplibs_check_method=pass_all
lt_cv_file_magic_cmd='$MAGIC_CMD'
lt_cv_file_magic_test_file=
lt_cv_ld_reload_flag=-r
lt_cv_nm_interface='BSD nm'
lt_cv_objdir=.libs
lt_cv_path_LD=/usr/bin/ld
lt_cv_path_NM='/usr/bin/nm -B'
lt_cv_path_mainfest_tool=no
lt_cv_prog_compiler_c_o=yes
lt_cv_prog_compiler_pic='-fPIC -DPIC'
lt_cv_prog_compiler_pic_works=yes
lt_cv_prog_compiler_rtti_exceptions=no
lt_cv_prog_compiler_static_works=yes
lt_cv_prog_gnu_ld=yes
lt_cv_sharedlib_from_linklib_cmd='printf %s\n'
lt_cv_shlibpath_overrides_runpath=yes
lt_cv_sys_global_symbol_pipe='sed -n -e '\''s/^.*[	 ]\([ABCDGIRSTW][ABCDGIRSTW]*\)[	 ][	 ]*\([_A-Za-z][_A-Za-z0-9]*\)$/\1 \2 \2/p'\'' | sed '\''/ __gnu_lto/d'\'''
lt_cv_sys_global_symbol_to_c_name_address='sed -n -e '\''s/^: \(.*\) .*$/  {"\1", (void *) 0},/p'\'' -e '\''s/^[ABCDGIRSTW][ABCDGIRSTW]* .* \(.*\)$/  {"\1", (void *) \&\1},/p'\'''
lt_cv_sys_global_symbol_to_c_name_address_lib_prefix='sed -n -e '\''s/^: \(.*\) .*$/  {"\1", (void *) 0},/p'\'' -e '\''s/^[ABCDGIRSTW][ABCDGIRSTW]* .* \(lib.*\)$/  {"\1", (void *) \&\1},/p'\'' -e '\''s/^[ABCDGIRSTW][ABCDGIRSTW]* .* \(.*\)$/  {"lib\1", (void *) \&\1},/p'\'''
lt_cv_sys_global_symbol_to_cdecl='sed -n -e '\''s/^T .* \(.*\)$/extern int \1();/p'\'' -e '\''s/^[ABCDGIRSTW][ABCDGIRSTW]* .* \(.*\)$/extern char \1;/p'\'''
lt_cv_sys_global_symbol_to_import=
lt_cv_sys_max_cmd_len=1572864
lt_cv_to_host_file_cmd=func_convert_file_noop
lt_cv_to_tool_file_cmd=func_convert_file_noop
lt_cv_truncate_bin='/usr/bin/dd bs=4096 count=1'

## ----------------- ##
## Output variables. ##
## ----------------- ##

ACLOCAL='${SHELL} /home/swann/opencv/jpeg-9d/missing aclocal-1.16'
AMDEPBACKSLASH='\'
AMDEP_FALSE='#'
AMDEP_TRUE=''
AMTAR='$${TAR-tar}'
AM_BACKSLASH='\'
AM_DEFAULT_V='$(AM_DEFAULT_VERBOSITY)'
AM_DEFAULT_VERBOSITY='0'
AM_V='$(V)'
AR='ar'
AS='as'
AUTOCONF='${SHELL} /home/swann/opencv/jpeg-9d/missing autoconf'
AUTOHEADER='echo autoheader ignored'
AUTOMAKE='${SHELL} /home/swann/opencv/jpeg-9d/missing automake-1.16'
AWK='mawk'
CC='gcc'
CCDEPMODE='depmode=gcc3'
CFLAGS='-g -O2'
CPP='gcc -E'
CPPFLAGS=''
CYGPATH_W='echo'
DEFS='-DHAVE_CONFIG_H'
DEPDIR='.deps'
DLLTOOL='dlltool'
DSYMUTIL=''
DUMPBIN=''
ECHO_C=''
ECHO_N='-n'
ECHO_T=''
EGREP='/usr/bin/grep -E'
EXEEXT=''
FGREP='/usr/bin/grep -F'
GREP='/usr/bin/grep'
HAVE_LD_VERSION_SCRIPT_FALSE='#'
HAVE_LD_VERSION_SCRIPT_TRUE=''
INSTALL_DATA='${INSTALL} -m 644'
INSTALL_PROGRAM='${INSTALL}'
INSTALL_SCRIPT='${INSTALL}'
INSTALL_STRIP_PROGRAM='$(install_sh) -c -s'
JPEG_LIB_VERSION='13:0:4'
JPEG_LIB_VERSION_MAJOR='9'
JPEG_LIB_VERSION_MINOR='4'
LD='/usr/bin/ld -m elf_x86_64'
LDFLAGS=''
LIBOBJS=''
LIBS=''
LIBTOOL='$(SHELL) $(top_builddir)/libtool'
LIPO=''
LN_S='ln -s'
LTLIBOBJS=''
LT_SYS_LIBRARY_PATH=''
MAINT='#'
MAINTAINER_MODE_FALSE=''
MAINTAINER_MODE_TRUE='#'
MAKEINFO='${SHELL} /home/swann/opencv/jpeg-9d/missing makeinfo'
MANIFEST_TOOL=':'
MEMORYMGR='jmemnobs'
MKDIR_P='/usr/bin/mkdir -p'
NM='/usr/bin/nm -B'
NMEDIT=''
OBJDUMP='objdump'
OBJEXT='o'
OTOOL64=''
OTOOL=''
PACKAGE='libjpeg'
PACKAGE_BUGREPORT=''
PACKAGE_NAME='libjpeg'
PACKAGE_STRING='libjpeg 9.4.0'
PACKAGE_TARNAME='libjpeg'
PACKAGE_URL=''
PACKAGE_VERSION='9.4.0'
PATH_SEPARATOR=':'
RANLIB='ranlib'
SED='/usr/bin/sed'
SET_MAKE=''
SHELL='/bin/bash'
STRIP='strip'
VERSION='9.4.0'
ac_ct_AR='ar'
ac_ct_CC='gcc'
ac_ct_DUMPBIN=''
am__EXEEXT_FALSE=''
am__EXEEXT_TRUE='#'
am__fastdepCC_FALSE='#'
am__fastdepCC_TRUE=''
am__include='include'
am__isrc=''
am__leading_dot='.'
am__nodep='_no'
am__quote=''
am__tar='$${TAR-tar} chof - "$$tardir"'
am__untar='$${TAR-tar} xf -'
bindir='${exec_prefix}/bin'
build='x86_64-pc-linux-gnu'
build_alias=''
build_cpu='x86_64'
build_os='linux-gnu'
build_vendor='pc'
datadir='${datarootdir}'
datarootdir='${prefix}/share'
docdir='${datarootdir}/doc/${PACKAGE_TARNAME}'
dvidir='${docdir}'
exec_prefix='${prefix}'
host='x86_64-pc-linux-gnu'
host_alias=''
host_cpu='x86_64'
host_os='linux-gnu'
host_vendor='pc'
htmldir='${docdir}'
includedir='${prefix}/include'
infodir='${datarootdir}/info'
install_sh='${SHELL} /home/swann/opencv/jpeg-9d/install-sh'
libdir='${exec_prefix}/lib'
libexecdir='${exec_prefix}/libexec'
localedir='${datarootdir}/locale'
localstatedir='${prefix}/var'
mandir='${datarootdir}/man'
mkdir_p='$(MKDIR_P)'
oldincludedir='/usr/include'
pdfdir='${docdir}'
prefix='/home/swann/opencv/jpeg-9d/jpeg_linux_install'
program_transform_name='s,x,x,'
psdir='${docdir}'
sbindir='${exec_prefix}/sbin'
sharedstatedir='${prefix}/com'
sysconfdir='${prefix}/etc'
target='x86_64-pc-linux-gnu'
target_alias=''
target_cpu='x86_64'
target_os='linux-gnu'
target_vendor='pc'

## ----------- ##
## confdefs.h. ##
## ----------- ##

/* confdefs.h */
#define PACKAGE_NAME "libjpeg"
#define PACKAGE_TARNAME "libjpeg"
#define PACKAGE_VERSION "9.4.0"
#define PACKAGE_STRING "libjpeg 9.4.0"
#define PACKAGE_BUGREPORT ""
#define PACKAGE_URL ""
#define PACKAGE "libjpeg"
#define VERSION "9.4.0"
#define HAVE_PROTOTYPES 1
#define STDC_HEADERS 1
#define HAVE_SYS_TYPES_H 1
#define HAVE_SYS_STAT_H 1
#define HAVE_STDLIB_H 1
#define HAVE_STRING_H 1
#define HAVE_MEMORY_H 1
#define HAVE_STRINGS_H 1
#define HAVE_INTTYPES_H 1
#define HAVE_STDINT_H 1
#define HAVE_UNISTD_H 1
#define HAVE_STDDEF_H 1
#define HAVE_STDLIB_H 1
#define HAVE_LOCALE_H 1
#define HAVE_UNSIGNED_CHAR 1
#define HAVE_UNSIGNED_SHORT 1
#define INLINE __inline__
#define HAVE_DLFCN_H 1
#define LT_OBJDIR ".libs/"

configure: exit 0
